Serving HTTP on :: port 8081 (http://[::]:8081/) ...
::1 - - [06/Dec/2025 21:23:04] "HEAD /public/mahasiswa/mahasiswaDashboard.html HTTP/1.1" 200 -
::1 - - [06/Dec/2025 21:23:07] "HEAD /.dist/output.css HTTP/1.1" 200 -
::1 - - [06/Dec/2025 21:23:07] "HEAD /src/main.css HTTP/1.1" 200 -
::1 - - [06/Dec/2025 21:23:11] "GET /public/mahasiswa/mahasiswaDashboard.html HTTP/1.1" 200 -
::1 - - [06/Dec/2025 21:23:11] "GET /src/main.css HTTP/1.1" 200 -
::1 - - [06/Dec/2025 21:23:11] "GET /.dist/output.css HTTP/1.1" 200 -
::1 - - [06/Dec/2025 21:23:11] "GET /logo.png HTTP/1.1" 200 -
::1 - - [06/Dec/2025 21:23:11] code 404, message File not found
::1 - - [06/Dec/2025 21:23:11] "GET /favicon.ico HTTP/1.1" 404 -
::1 - - [06/Dec/2025 21:23:20] "HEAD /logo.png HTTP/1.1" 200 -
::1 - - [06/Dec/2025 21:23:20] "GET /public/mahasiswa/mahasiswaDashboard.html HTTP/1.1" 304 -
::1 - - [06/Dec/2025 21:23:53] "GET /public/login.html HTTP/1.1" 200 -
::1 - - [06/Dec/2025 21:23:53] code 404, message File not found
::1 - - [06/Dec/2025 21:23:53] "GET /public/logo.png HTTP/1.1" 404 -
::1 - - [06/Dec/2025 21:24:01] code 404, message File not found
::1 - - [06/Dec/2025 21:24:01] "GET /public/dashboard.html HTTP/1.1" 404 -
::1 - - [06/Dec/2025 21:24:08] "GET /public/IRT/dashboard.html HTTP/1.1" 200 -
::1 - - [06/Dec/2025 21:24:09] "GET /public/IRT/manajemenInsiden.html HTTP/1.1" 200 -
::1 - - [06/Dec/2025 21:24:09] code 404, message File not found
::1 - - [06/Dec/2025 21:24:09] "GET /public/src/main.js HTTP/1.1" 404 -
::1 - - [06/Dec/2025 21:24:10] "GET /public/IRT/incoming.html HTTP/1.1" 200 -
::1 - - [06/Dec/2025 21:24:10] code 404, message File not found
::1 - - [06/Dec/2025 21:24:10] "GET /public/src/main.js HTTP/1.1" 404 -
::1 - - [06/Dec/2025 21:24:12] code 404, message File not found
::1 - - [06/Dec/2025 21:24:12] "GET /public/src/main.js HTTP/1.1" 404 -
::1 - - [06/Dec/2025 21:24:13] code 404, message File not found
::1 - - [06/Dec/2025 21:24:13] "GET /public/src/main.js HTTP/1.1" 404 -
::1 - - [06/Dec/2025 21:24:14] "GET /public/IRT/investigasi.html HTTP/1.1" 200 -
::1 - - [06/Dec/2025 21:24:14] code 404, message File not found
::1 - - [06/Dec/2025 21:24:14] "GET /public/.dist/output.css HTTP/1.1" 404 -
::1 - - [06/Dec/2025 21:24:14] code 404, message File not found
::1 - - [06/Dec/2025 21:24:14] "GET /public/src/main.css HTTP/1.1" 404 -
::1 - - [06/Dec/2025 21:25:17] code 404, message File not found
::1 - - [06/Dec/2025 21:25:17] "GET /public/.dist/output.css HTTP/1.1" 404 -
::1 - - [06/Dec/2025 21:25:17] code 404, message File not found
::1 - - [06/Dec/2025 21:25:17] "GET /public/src/main.css HTTP/1.1" 404 -
::1 - - [06/Dec/2025 21:25:37] "HEAD /.dist/output.css HTTP/1.1" 200 -
::1 - - [06/Dec/2025 21:25:37] "HEAD /src/main.css HTTP/1.1" 200 -
::1 - - [06/Dec/2025 21:25:41] "HEAD /public/IRT/investigasi.html HTTP/1.1" 200 -
::1 - - [06/Dec/2025 21:25:48] code 404, message File not found
::1 - - [06/Dec/2025 21:25:48] "GET /public/.dist/output.css HTTP/1.1" 404 -
::1 - - [06/Dec/2025 21:25:48] code 404, message File not found
::1 - - [06/Dec/2025 21:25:48] "GET /public/src/main.css HTTP/1.1" 404 -
::1 - - [06/Dec/2025 21:25:51] "GET /public/IRT/investigasi.html HTTP/1.1" 200 -
::1 - - [06/Dec/2025 21:25:51] "GET /.dist/output.css HTTP/1.1" 304 -
::1 - - [06/Dec/2025 21:25:56] "GET /public/IRT/finalReport.html HTTP/1.1" 200 -
::1 - - [06/Dec/2025 21:25:56] "GET /src/main.css HTTP/1.1" 304 -
::1 - - [06/Dec/2025 21:25:57] "GET /public/IRT/investigasi.html HTTP/1.1" 304 -
::1 - - [06/Dec/2025 21:26:00] code 404, message File not found
::1 - - [06/Dec/2025 21:26:00] "GET /public/src/main.js HTTP/1.1" 404 -
::1 - - [06/Dec/2025 21:26:01] code 404, message File not found
::1 - - [06/Dec/2025 21:26:01] "GET /public/src/main.js HTTP/1.1" 404 -
::1 - - [06/Dec/2025 21:26:05] "GET /public/IRT/investigasi.html HTTP/1.1" 304 -
::1 - - [06/Dec/2025 21:26:05] code 404, message File not found
::1 - - [06/Dec/2025 21:26:05] "GET /public/src/main.js HTTP/1.1" 404 -
::1 - - [06/Dec/2025 21:26:06] code 404, message File not found
::1 - - [06/Dec/2025 21:26:06] "GET /public/src/main.js HTTP/1.1" 404 -
::1 - - [06/Dec/2025 21:26:29] "HEAD /.dist/output.css HTTP/1.1" 200 -
::1 - - [06/Dec/2025 21:26:36] "GET /public/IRT/investigasi.html?1765031196 HTTP/1.1" 200 -
::1 - - [06/Dec/2025 21:26:38] code 404, message File not found
::1 - - [06/Dec/2025 21:26:38] "GET /public/src/main.js HTTP/1.1" 404 -
::1 - - [06/Dec/2025 21:26:39] code 404, message File not found
::1 - - [06/Dec/2025 21:26:39] "GET /public/src/main.js HTTP/1.1" 404 -
::1 - - [06/Dec/2025 21:26:39] "GET /public/IRT/investigasi.html HTTP/1.1" 304 -
::1 - - [06/Dec/2025 21:26:41] code 404, message File not found
::1 - - [06/Dec/2025 21:26:41] "GET /public/src/main.js HTTP/1.1" 404 -
::1 - - [06/Dec/2025 21:27:27] "GET /public/IRT/investigasi.html HTTP/1.1" 200 -
::1 - - [06/Dec/2025 21:27:32] "HEAD /.dist/output.css HTTP/1.1" 200 -
::1 - - [06/Dec/2025 21:27:55] "GET /test-css.html HTTP/1.1" 200 -
::1 - - [06/Dec/2025 21:28:27] "GET /test-css.html?1765031306 HTTP/1.1" 200 -
::1 - - [06/Dec/2025 21:28:27] "GET /.dist/output.css HTTP/1.1" 304 -
::1 - - [06/Dec/2025 21:28:38] "GET /public/IRT/finalReport.html HTTP/1.1" 304 -
::1 - - [06/Dec/2025 21:28:38] "GET /.dist/output.css HTTP/1.1" 304 -
::1 - - [06/Dec/2025 21:30:03] "GET /public/IRT/finalReport.html HTTP/1.1" 304 -
::1 - - [06/Dec/2025 21:30:03] "GET /src/main.css HTTP/1.1" 304 -
::1 - - [06/Dec/2025 21:30:04] "GET /public/IRT/finalReport.html HTTP/1.1" 304 -
::1 - - [06/Dec/2025 21:30:05] "GET /public/IRT/investigasi.html HTTP/1.1" 200 -
::1 - - [06/Dec/2025 21:30:06] "GET /public/IRT/incoming.html HTTP/1.1" 304 -
::1 - - [06/Dec/2025 21:30:06] code 404, message File not found
::1 - - [06/Dec/2025 21:30:06] "GET /public/src/main.js HTTP/1.1" 404 -
::1 - - [06/Dec/2025 21:30:28] "GET /public/IRT/investigasi.html?1765031428 HTTP/1.1" 200 -
::1 - - [06/Dec/2025 21:30:34] "GET /public/IRT/investigasi.html HTTP/1.1" 304 -
::1 - - [06/Dec/2025 21:30:35] code 404, message File not found
::1 - - [06/Dec/2025 21:30:35] "GET /public/src/main.js HTTP/1.1" 404 -
::1 - - [06/Dec/2025 21:31:08] "GET /public/IRT/investigasi.html?1765031468 HTTP/1.1" 200 -
::1 - - [06/Dec/2025 21:31:16] "HEAD /.dist/output.css HTTP/1.1" 200 -
::1 - - [06/Dec/2025 21:31:29] "HEAD /public/IRT/investigasi.html HTTP/1.1" 200 -
::1 - - [06/Dec/2025 21:31:56] "GET /public/IRT/investigasi.html?v=1765031514 HTTP/1.1" 200 -
::1 - - [06/Dec/2025 21:31:56] "GET /.dist/output.css HTTP/1.1" 304 -
::1 - - [06/Dec/2025 22:20:15] "GET /public/IRT/investigasi.html?v=1765031514 HTTP/1.1" 304 -
::1 - - [06/Dec/2025 22:20:15] "GET /.dist/output.css HTTP/1.1" 304 -
::1 - - [06/Dec/2025 22:20:15] "GET /src/main.css HTTP/1.1" 304 -
::1 - - [06/Dec/2025 22:20:17] "GET /public/IRT/dashboard.html HTTP/1.1" 200 -
::1 - - [06/Dec/2025 22:20:18] "GET /public/IRT/manajemenInsiden.html HTTP/1.1" 200 -
::1 - - [06/Dec/2025 22:20:18] code 404, message File not found
::1 - - [06/Dec/2025 22:20:18] "GET /public/src/main.js HTTP/1.1" 404 -
::1 - - [06/Dec/2025 22:20:18] "GET /public/IRT/incoming.html HTTP/1.1" 304 -
::1 - - [06/Dec/2025 22:20:18] code 404, message File not found
::1 - - [06/Dec/2025 22:20:18] "GET /public/src/main.js HTTP/1.1" 404 -
::1 - - [06/Dec/2025 22:20:19] code 404, message File not found
::1 - - [06/Dec/2025 22:20:19] "GET /public/src/main.js HTTP/1.1" 404 -
::1 - - [06/Dec/2025 22:20:21] "GET /public/IRT/manajemenInsiden.html HTTP/1.1" 304 -
::1 - - [06/Dec/2025 22:20:21] code 404, message File not found
::1 - - [06/Dec/2025 22:20:21] "GET /public/src/main.js HTTP/1.1" 404 -
::1 - - [06/Dec/2025 22:20:22] code 404, message File not found
::1 - - [06/Dec/2025 22:20:22] "GET /public/src/main.js HTTP/1.1" 404 -
::1 - - [06/Dec/2025 22:20:23] code 404, message File not found
::1 - - [06/Dec/2025 22:20:23] "GET /public/src/main.js HTTP/1.1" 404 -
::1 - - [06/Dec/2025 22:20:24] "GET /public/IRT/manajemenInsiden.html HTTP/1.1" 304 -
::1 - - [06/Dec/2025 22:20:24] code 404, message File not found
::1 - - [06/Dec/2025 22:20:24] "GET /public/src/main.js HTTP/1.1" 404 -
::1 - - [06/Dec/2025 22:20:25] code 404, message File not found
::1 - - [06/Dec/2025 22:20:25] "GET /public/src/main.js HTTP/1.1" 404 -
::1 - - [06/Dec/2025 22:20:26] "GET /public/IRT/dashboard.html HTTP/1.1" 304 -
::1 - - [06/Dec/2025 22:20:27] "GET /public/IRT/manajemenInsiden.html HTTP/1.1" 200 -
::1 - - [06/Dec/2025 22:20:27] "GET /src/main.js HTTP/1.1" 200 -
::1 - - [06/Dec/2025 22:20:33] "GET /public/IRT/finalReport.html HTTP/1.1" 304 -
::1 - - [06/Dec/2025 22:20:34] "GET /public/IRT/investigasi.html HTTP/1.1" 304 -
::1 - - [06/Dec/2025 22:20:35] "GET /public/IRT/manajemenInsiden.html HTTP/1.1" 304 -
::1 - - [06/Dec/2025 22:20:37] "GET /public/IRT/dashboard.html HTTP/1.1" 304 -
::1 - - [06/Dec/2025 22:22:09] "GET /public/IRT/investigasi.html?v=1765034529 HTTP/1.1" 200 -
::1 - - [06/Dec/2025 22:22:18] code 404, message File not found
::1 - - [06/Dec/2025 22:22:18] "GET /public/src/main.js HTTP/1.1" 404 -
::1 - - [06/Dec/2025 22:22:19] "GET /public/IRT/manajemenInsiden.html HTTP/1.1" 304 -
::1 - - [06/Dec/2025 22:22:20] "GET /public/IRT/dashboard.html HTTP/1.1" 304 -
::1 - - [06/Dec/2025 22:22:21] code 404, message File not found
::1 - - [06/Dec/2025 22:22:21] "GET /public/src/main.js HTTP/1.1" 404 -
::1 - - [06/Dec/2025 22:22:22] "GET /public/IRT/dashboard.html?v=1765034542 HTTP/1.1" 200 -
::1 - - [06/Dec/2025 22:22:23] code 404, message File not found
::1 - - [06/Dec/2025 22:22:23] "GET /public/src/main.js HTTP/1.1" 404 -
::1 - - [06/Dec/2025 22:22:28] "GET /public/IRT/manajemenInsiden.html?v=1765034548 HTTP/1.1" 200 -
::1 - - [06/Dec/2025 22:22:30] code 404, message File not found
::1 - - [06/Dec/2025 22:22:30] "GET /public/src/main.js HTTP/1.1" 404 -
::1 - - [06/Dec/2025 22:22:31] "GET /public/IRT/manajemenInsiden.html HTTP/1.1" 304 -
::1 - - [06/Dec/2025 22:22:32] code 404, message File not found
::1 - - [06/Dec/2025 22:22:32] "GET /public/src/main.js HTTP/1.1" 404 -
::1 - - [06/Dec/2025 22:22:38] "GET /public/IRT/incoming.html?v=1765034558 HTTP/1.1" 200 -
::1 - - [06/Dec/2025 22:22:38] code 404, message File not found
::1 - - [06/Dec/2025 22:22:38] "GET /public/src/main.js HTTP/1.1" 404 -
::1 - - [06/Dec/2025 22:22:40] code 404, message File not found
::1 - - [06/Dec/2025 22:22:40] "GET /public/src/main.js HTTP/1.1" 404 -
::1 - - [06/Dec/2025 22:22:41] "GET /public/IRT/dashboard.html HTTP/1.1" 304 -
::1 - - [06/Dec/2025 22:22:42] code 404, message File not found
::1 - - [06/Dec/2025 22:22:42] "GET /public/src/main.js HTTP/1.1" 404 -
::1 - - [06/Dec/2025 22:22:52] "GET /public/IRT/finalReport.html?v=1765034572 HTTP/1.1" 200 -
::1 - - [06/Dec/2025 22:22:57] code 404, message File not found
::1 - - [06/Dec/2025 22:22:57] "GET /public/src/main.js HTTP/1.1" 404 -
::1 - - [06/Dec/2025 22:22:57] "GET /public/IRT/manajemenInsiden.html HTTP/1.1" 304 -
::1 - - [06/Dec/2025 22:22:59] code 404, message File not found
::1 - - [06/Dec/2025 22:22:59] "GET /public/src/main.js HTTP/1.1" 404 -
::1 - - [06/Dec/2025 22:23:05] "GET /public/IRT/dashboard.html HTTP/1.1" 304 -
::1 - - [06/Dec/2025 22:23:06] code 404, message File not found
::1 - - [06/Dec/2025 22:23:06] "GET /public/src/main.js HTTP/1.1" 404 -
::1 - - [06/Dec/2025 22:23:18] "GET /public/IRT/manajemenInsiden.html HTTP/1.1" 304 -
::1 - - [06/Dec/2025 22:23:47] "GET /public/IRT/investigasi.html?v=1765034627 HTTP/1.1" 200 -
::1 - - [06/Dec/2025 22:23:53] code 404, message File not found
::1 - - [06/Dec/2025 22:23:53] "GET /public/src/main.js HTTP/1.1" 404 -
::1 - - [06/Dec/2025 22:23:55] "GET /public/IRT/dashboard.html HTTP/1.1" 304 -
::1 - - [06/Dec/2025 22:23:56] code 404, message File not found
::1 - - [06/Dec/2025 22:23:56] "GET /public/src/main.js HTTP/1.1" 404 -
::1 - - [06/Dec/2025 22:23:57] code 404, message File not found
::1 - - [06/Dec/2025 22:23:57] "GET /public/src/main.js HTTP/1.1" 404 -
::1 - - [06/Dec/2025 22:24:02] code 404, message File not found
::1 - - [06/Dec/2025 22:24:02] "GET /.well-known/appspecific/com.chrome.devtools.json HTTP/1.1" 404 -
::1 - - [06/Dec/2025 22:25:49] "GET /public/IRT/investigasi.html HTTP/1.1" 200 -
::1 - - [06/Dec/2025 22:25:51] code 404, message File not found
::1 - - [06/Dec/2025 22:25:51] "GET /public/src/main.js HTTP/1.1" 404 -
::1 - - [06/Dec/2025 22:25:52] "GET /public/IRT/manajemenInsiden.html HTTP/1.1" 304 -
::1 - - [06/Dec/2025 22:25:53] "GET /public/IRT/dashboard.html HTTP/1.1" 304 -
::1 - - [06/Dec/2025 22:25:55] code 404, message File not found
::1 - - [06/Dec/2025 22:25:55] "GET /public/src/main.js HTTP/1.1" 404 -
::1 - - [06/Dec/2025 22:26:04] code 404, message File not found
::1 - - [06/Dec/2025 22:26:04] "GET /public/src/main.js HTTP/1.1" 404 -
::1 - - [06/Dec/2025 22:26:05] "GET /public/IRT/investigasi.html HTTP/1.1" 304 -
::1 - - [06/Dec/2025 22:28:32] "GET /public/IRT/investigasi.html HTTP/1.1" 304 -
::1 - - [06/Dec/2025 22:28:32] "GET /.dist/output.css HTTP/1.1" 200 -
::1 - - [06/Dec/2025 22:28:33] "GET /public/IRT/finalReport.html HTTP/1.1" 200 -
::1 - - [06/Dec/2025 22:28:51] "GET /.dist/output.css HTTP/1.1" 200 -
::1 - - [06/Dec/2025 22:28:51] "GET /src/main.css HTTP/1.1" 304 -
::1 - - [06/Dec/2025 22:28:53] "GET /public/IRT/manajemenInsiden.html HTTP/1.1" 304 -
::1 - - [06/Dec/2025 22:40:01] "GET /public/IRT/dashboard.html?v=1765035601 HTTP/1.1" 200 -
::1 - - [06/Dec/2025 22:40:01] "GET /public/IRT/manajemenInsiden.html?v=1765035601 HTTP/1.1" 200 -
::1 - - [06/Dec/2025 22:40:01] "GET /src/main.css HTTP/1.1" 200 -
::1 - - [06/Dec/2025 22:40:01] "GET /.dist/output.css HTTP/1.1" 200 -
::1 - - [06/Dec/2025 22:40:01] "GET /public/IRT/incoming.html?v=1765035601 HTTP/1.1" 200 -
::1 - - [06/Dec/2025 22:40:01] code 404, message File not found
::1 - - [06/Dec/2025 22:40:01] "GET /public/src/main.js HTTP/1.1" 404 -
::1 - - [06/Dec/2025 22:40:02] "GET /public/IRT/investigasi.html?v=1765035601 HTTP/1.1" 200 -
::1 - - [06/Dec/2025 22:40:02] "GET /public/IRT/finalReport.html?v=1765035602 HTTP/1.1" 200 -
::1 - - [06/Dec/2025 22:42:04] "GET /public/IRT/dashboard.html HTTP/1.1" 200 -
::1 - - [06/Dec/2025 22:42:04] "GET /.dist/output.css HTTP/1.1" 304 -
::1 - - [06/Dec/2025 22:42:04] "GET /src/main.css HTTP/1.1" 304 -
::1 - - [06/Dec/2025 22:42:04] "GET /public/IRT/manajemenInsiden.html HTTP/1.1" 200 -
::1 - - [06/Dec/2025 22:42:05] "GET /public/IRT/incoming.html HTTP/1.1" 200 -
::1 - - [06/Dec/2025 22:42:05] code 404, message File not found
::1 - - [06/Dec/2025 22:42:05] "GET /public/src/main.js HTTP/1.1" 404 -
::1 - - [06/Dec/2025 22:42:06] code 404, message File not found
::1 - - [06/Dec/2025 22:42:06] "GET /public/src/main.js HTTP/1.1" 404 -
::1 - - [06/Dec/2025 22:42:07] "GET /public/IRT/investigasi.html HTTP/1.1" 200 -
::1 - - [06/Dec/2025 22:42:08] "GET /public/IRT/finalReport.html HTTP/1.1" 200 -
::1 - - [06/Dec/2025 22:42:21] "GET /.dist/output.css HTTP/1.1" 304 -
::1 - - [06/Dec/2025 22:42:21] "GET /src/main.css HTTP/1.1" 304 -
::1 - - [06/Dec/2025 23:00:06] "GET /public/IRT/investigasi.html HTTP/1.1" 200 -
::1 - - [06/Dec/2025 23:00:06] "GET /.dist/output.css HTTP/1.1" 304 -
::1 - - [06/Dec/2025 23:00:06] "GET /src/main.css HTTP/1.1" 304 -
::1 - - [06/Dec/2025 23:00:13] "GET /public/IRT/finalReport.html HTTP/1.1" 304 -
::1 - - [06/Dec/2025 23:00:14] "GET /public/IRT/manajemenInsiden.html HTTP/1.1" 304 -
::1 - - [06/Dec/2025 23:00:15] "GET /public/IRT/dashboard.html HTTP/1.1" 304 -
::1 - - [06/Dec/2025 23:00:21] "GET /public/IRT/incoming.html HTTP/1.1" 304 -
::1 - - [06/Dec/2025 23:00:21] code 404, message File not found
::1 - - [06/Dec/2025 23:00:21] "GET /public/src/main.js HTTP/1.1" 404 -
::1 - - [06/Dec/2025 23:00:21] "GET /public/IRT/investigasi.html HTTP/1.1" 304 -
::1 - - [06/Dec/2025 23:00:24] "GET /public/login.html HTTP/1.1" 304 -
::1 - - [06/Dec/2025 23:00:24] code 404, message File not found
::1 - - [06/Dec/2025 23:00:24] "GET /public/logo.png HTTP/1.1" 404 -
::1 - - [06/Dec/2025 23:00:36] code 404, message File not found
::1 - - [06/Dec/2025 23:00:36] "GET /public/dashboard.html HTTP/1.1" 404 -
::1 - - [06/Dec/2025 23:00:45] code 404, message File not found
::1 - - [06/Dec/2025 23:00:45] "GET /public/mahasiswa/dashboard.html HTTP/1.1" 404 -
::1 - - [06/Dec/2025 23:00:53] code 404, message File not found
::1 - - [06/Dec/2025 23:00:53] "GET /public/mahasiswa/dashboardMahasiswa.html HTTP/1.1" 404 -
::1 - - [06/Dec/2025 23:01:05] "GET /public/mahasiswa/mahasiswadashboard.html HTTP/1.1" 200 -
::1 - - [06/Dec/2025 23:02:09] code 404, message File not found
::1 - - [06/Dec/2025 23:02:09] "GET /public/logo.png HTTP/1.1" 404 -
::1 - - [06/Dec/2025 23:02:17] "GET /public/index.html HTTP/1.1" 200 -
::1 - - [06/Dec/2025 23:02:17] code 404, message File not found
::1 - - [06/Dec/2025 23:02:17] "GET /public/.dist/output.css HTTP/1.1" 404 -
::1 - - [06/Dec/2025 23:02:17] code 404, message File not found
::1 - - [06/Dec/2025 23:02:17] code 404, message File not found
::1 - - [06/Dec/2025 23:02:17] "GET /public/logo.png HTTP/1.1" 404 -
::1 - - [06/Dec/2025 23:02:17] "GET /public/src/main.css HTTP/1.1" 404 -
::1 - - [06/Dec/2025 23:02:34] "GET /.dist/output.css HTTP/1.1" 304 -
::1 - - [06/Dec/2025 23:02:34] "GET /src/main.css HTTP/1.1" 304 -
::1 - - [06/Dec/2025 23:02:40] code 404, message File not found
::1 - - [06/Dec/2025 23:02:40] "GET /public/IRT/login.html HTTP/1.1" 404 -
::1 - - [06/Dec/2025 23:03:22] "GET /public/IRT/investigasi.html?v=1765037001 HTTP/1.1" 200 -
::1 - - [06/Dec/2025 23:03:22] "GET /public/IRT/manajemenInsiden.html?v=1765037001 HTTP/1.1" 200 -
::1 - - [06/Dec/2025 23:03:23] "GET /public/IRT/dashboard.html?v=1765037003 HTTP/1.1" 200 -
::1 - - [06/Dec/2025 23:03:23] code 404, message File not found
::1 - - [06/Dec/2025 23:03:23] "GET /public/IRT/login.html HTTP/1.1" 404 -
::1 - - [06/Dec/2025 23:03:24] "GET /public/IRT/incoming.html?v=1765037003 HTTP/1.1" 200 -
::1 - - [06/Dec/2025 23:03:24] code 404, message File not found
::1 - - [06/Dec/2025 23:03:24] "GET /public/src/main.js HTTP/1.1" 404 -
::1 - - [06/Dec/2025 23:03:24] "GET /public/IRT/finalReport.html?v=1765037004 HTTP/1.1" 200 -
::1 - - [06/Dec/2025 23:03:27] "GET /public/IRT/manajemenInsiden.html HTTP/1.1" 200 -
::1 - - [06/Dec/2025 23:03:29] code 404, message File not found
::1 - - [06/Dec/2025 23:03:29] "GET /public/IRT/login.html HTTP/1.1" 404 -
::1 - - [06/Dec/2025 23:03:35] "GET /public/IRT/finalReport.html HTTP/1.1" 200 -
::1 - - [06/Dec/2025 23:03:36] "GET /public/IRT/investigasi.html HTTP/1.1" 304 -
::1 - - [06/Dec/2025 23:03:37] "GET /public/IRT/finalReport.html HTTP/1.1" 304 -
::1 - - [06/Dec/2025 23:03:41] "GET /public/IRT/incoming.html HTTP/1.1" 200 -
::1 - - [06/Dec/2025 23:03:41] code 404, message File not found
::1 - - [06/Dec/2025 23:03:41] "GET /public/src/main.js HTTP/1.1" 404 -
::1 - - [06/Dec/2025 23:03:41] code 404, message File not found
::1 - - [06/Dec/2025 23:03:41] "GET /public/src/main.js HTTP/1.1" 404 -
::1 - - [06/Dec/2025 23:03:42] "GET /public/IRT/manajemenInsiden.html HTTP/1.1" 304 -
::1 - - [06/Dec/2025 23:03:44] code 404, message File not found
::1 - - [06/Dec/2025 23:03:44] "GET /public/IRT/login.html HTTP/1.1" 404 -
::1 - - [06/Dec/2025 23:04:09] "GET /public/IRT/dashboard.html HTTP/1.1" 200 -
::1 - - [06/Dec/2025 23:04:11] "GET /public/IRT/finalReport.html HTTP/1.1" 304 -
::1 - - [06/Dec/2025 23:04:12] "GET /public/IRT/investigasi.html HTTP/1.1" 304 -
::1 - - [06/Dec/2025 23:04:14] "GET /public/IRT/incoming.html HTTP/1.1" 304 -
::1 - - [06/Dec/2025 23:04:14] code 404, message File not found
::1 - - [06/Dec/2025 23:04:14] "GET /public/src/main.js HTTP/1.1" 404 -
::1 - - [06/Dec/2025 23:04:16] "GET /public/IRT/dashboard.html HTTP/1.1" 304 -
::1 - - [06/Dec/2025 23:05:17] "GET /public/IRT/dashboard.html HTTP/1.1" 304 -
::1 - - [06/Dec/2025 23:05:17] "GET /.dist/output.css HTTP/1.1" 200 -
::1 - - [06/Dec/2025 23:05:17] "GET /src/main.css HTTP/1.1" 304 -
::1 - - [06/Dec/2025 23:05:18] "GET /public/IRT/manajemenInsiden.html HTTP/1.1" 304 -
::1 - - [06/Dec/2025 23:05:19] code 404, message File not found
::1 - - [06/Dec/2025 23:05:19] "GET /public/IRT/login.html HTTP/1.1" 404 -
::1 - - [06/Dec/2025 23:05:22] "GET /public/IRT/incoming.html HTTP/1.1" 304 -
::1 - - [06/Dec/2025 23:05:22] code 404, message File not found
::1 - - [06/Dec/2025 23:05:22] "GET /public/src/main.js HTTP/1.1" 404 -
::1 - - [06/Dec/2025 23:05:23] "GET /public/IRT/investigasi.html HTTP/1.1" 304 -
::1 - - [06/Dec/2025 23:05:24] "GET /public/IRT/finalReport.html HTTP/1.1" 304 -
::1 - - [06/Dec/2025 23:05:29] "GET /.dist/output.css HTTP/1.1" 304 -
::1 - - [06/Dec/2025 23:05:34] code 404, message File not found
::1 - - [06/Dec/2025 23:05:34] "GET /public/src/main.js HTTP/1.1" 404 -
::1 - - [06/Dec/2025 23:05:34] "GET /public/IRT/manajemenInsiden.html HTTP/1.1" 304 -
::1 - - [06/Dec/2025 23:05:40] code 404, message File not found
::1 - - [06/Dec/2025 23:05:40] "GET /public/IRT/setting.html HTTP/1.1" 404 -
::1 - - [06/Dec/2025 23:05:43] code 404, message File not found
::1 - - [06/Dec/2025 23:05:43] "GET /public/IRT/login.html HTTP/1.1" 404 -
::1 - - [06/Dec/2025 23:12:22] "GET /public/IRT/dashboard.html?v=1765037541 HTTP/1.1" 200 -
::1 - - [06/Dec/2025 23:12:22] "GET /.dist/output.css HTTP/1.1" 200 -
::1 - - [06/Dec/2025 23:12:22] "GET /src/main.css HTTP/1.1" 304 -
::1 - - [06/Dec/2025 23:12:25] "GET /public/IRT/dashboard.html?v=1765037545 HTTP/1.1" 200 -
::1 - - [06/Dec/2025 23:12:26] "GET /.dist/output.css HTTP/1.1" 304 -
::1 - - [06/Dec/2025 23:12:30] "GET /public/IRT/dashboard.html HTTP/1.1" 200 -
::1 - - [06/Dec/2025 23:12:30] "GET /.dist/output.css HTTP/1.1" 304 -
::1 - - [06/Dec/2025 23:12:31] "GET /public/IRT/manajemenInsiden.html HTTP/1.1" 304 -
::1 - - [06/Dec/2025 23:12:31] "GET /.dist/output.css HTTP/1.1" 304 -
::1 - - [06/Dec/2025 23:12:33] code 404, message File not found
::1 - - [06/Dec/2025 23:12:33] "GET /public/IRT/login.html HTTP/1.1" 404 -
::1 - - [06/Dec/2025 23:12:36] "GET /public/IRT/incoming.html HTTP/1.1" 304 -
::1 - - [06/Dec/2025 23:12:36] "GET /.dist/output.css HTTP/1.1" 304 -
::1 - - [06/Dec/2025 23:12:36] code 404, message File not found
::1 - - [06/Dec/2025 23:12:36] "GET /public/src/main.js HTTP/1.1" 404 -
::1 - - [06/Dec/2025 23:12:39] "GET /public/IRT/investigasi.html HTTP/1.1" 304 -
::1 - - [06/Dec/2025 23:12:40] "GET /.dist/output.css HTTP/1.1" 304 -
::1 - - [06/Dec/2025 23:12:40] "GET /public/IRT/finalReport.html HTTP/1.1" 304 -
::1 - - [06/Dec/2025 23:13:03] "GET /public/IRT/dashboard.html HTTP/1.1" 304 -
::1 - - [06/Dec/2025 23:13:03] "GET /.dist/output.css HTTP/1.1" 304 -
::1 - - [06/Dec/2025 23:14:57] "GET /public/IRT/dashboard.html?v=1765037697 HTTP/1.1" 200 -
::1 - - [06/Dec/2025 23:14:57] "GET /.dist/output.css HTTP/1.1" 304 -
::1 - - [06/Dec/2025 23:15:01] "GET /public/IRT/dashboard.html HTTP/1.1" 304 -
::1 - - [06/Dec/2025 23:15:03] "GET /public/IRT/incoming.html HTTP/1.1" 200 -
::1 - - [06/Dec/2025 23:15:03] code 404, message File not found
::1 - - [06/Dec/2025 23:15:03] "GET /public/src/main.js HTTP/1.1" 404 -
::1 - - [06/Dec/2025 23:15:04] "GET /public/IRT/manajemenInsiden.html HTTP/1.1" 200 -
::1 - - [06/Dec/2025 23:15:05] code 404, message File not found
::1 - - [06/Dec/2025 23:15:05] "GET /public/IRT/login.html HTTP/1.1" 404 -
::1 - - [06/Dec/2025 23:15:08] "GET /public/IRT/investigasi.html HTTP/1.1" 200 -
::1 - - [06/Dec/2025 23:15:09] "GET /public/IRT/finalReport.html HTTP/1.1" 200 -
::1 - - [06/Dec/2025 23:15:11] "GET /public/IRT/incoming.html HTTP/1.1" 304 -
::1 - - [06/Dec/2025 23:15:11] code 404, message File not found
::1 - - [06/Dec/2025 23:15:11] "GET /public/src/main.js HTTP/1.1" 404 -
::1 - - [06/Dec/2025 23:15:12] "GET /public/IRT/investigasi.html HTTP/1.1" 304 -
::1 - - [06/Dec/2025 23:15:13] "GET /.dist/output.css HTTP/1.1" 304 -
::1 - - [06/Dec/2025 23:16:01] "GET /public/IRT/dashboard.html HTTP/1.1" 200 -
::1 - - [06/Dec/2025 23:16:01] "GET /.dist/output.css HTTP/1.1" 304 -
::1 - - [06/Dec/2025 23:16:01] "GET /src/main.css HTTP/1.1" 304 -
::1 - - [06/Dec/2025 23:16:37] "GET /.dist/output.css HTTP/1.1" 304 -
::1 - - [06/Dec/2025 23:16:37] code 404, message File not found
::1 - - [06/Dec/2025 23:16:37] "GET /.well-known/appspecific/com.chrome.devtools.json HTTP/1.1" 404 -
::1 - - [06/Dec/2025 23:16:56] "GET /public/IRT/dashboard.html?v=1765037815 HTTP/1.1" 200 -
::1 - - [06/Dec/2025 23:16:57] code 404, message File not found
::1 - - [06/Dec/2025 23:16:57] "GET /public/IRT/login.html HTTP/1.1" 404 -
::1 - - [06/Dec/2025 23:17:05] "GET /public/IRT/manajemenInsiden.html HTTP/1.1" 304 -
::1 - - [06/Dec/2025 23:17:05] "GET /.dist/output.css HTTP/1.1" 304 -
::1 - - [06/Dec/2025 23:17:06] code 404, message File not found
::1 - - [06/Dec/2025 23:17:06] "GET /public/IRT/login.html HTTP/1.1" 404 -
::1 - - [06/Dec/2025 23:17:12] "GET /public/login.html HTTP/1.1" 304 -
::1 - - [06/Dec/2025 23:17:12] code 404, message File not found
::1 - - [06/Dec/2025 23:17:12] "GET /public/logo.png HTTP/1.1" 404 -
::1 - - [06/Dec/2025 23:17:23] code 404, message File not found
::1 - - [06/Dec/2025 23:17:23] "GET /public/dashboard.html HTTP/1.1" 404 -
::1 - - [06/Dec/2025 23:17:33] "GET /public/IRT/dashboard.html HTTP/1.1" 200 -
::1 - - [06/Dec/2025 23:17:33] "GET /.dist/output.css HTTP/1.1" 304 -
::1 - - [06/Dec/2025 23:17:42] "GET /public/IRT/manajemenInsiden.html HTTP/1.1" 304 -
::1 - - [06/Dec/2025 23:17:43] "GET /public/IRT/incoming.html HTTP/1.1" 304 -
::1 - - [06/Dec/2025 23:17:43] code 404, message File not found
::1 - - [06/Dec/2025 23:17:43] "GET /public/src/main.js HTTP/1.1" 404 -
::1 - - [06/Dec/2025 23:17:45] "GET /public/IRT/investigasi.html HTTP/1.1" 304 -
::1 - - [06/Dec/2025 23:17:46] "GET /public/IRT/finalReport.html HTTP/1.1" 304 -
::1 - - [06/Dec/2025 23:17:47] "GET /public/IRT/dashboard.html HTTP/1.1" 304 -
::1 - - [06/Dec/2025 23:18:58] "GET /public/IRT/dashboard.html HTTP/1.1" 304 -
::1 - - [06/Dec/2025 23:18:58] "GET /.dist/output.css HTTP/1.1" 304 -
::1 - - [06/Dec/2025 23:19:00] "GET /public/IRT/manajemenInsiden.html HTTP/1.1" 200 -
::1 - - [06/Dec/2025 23:19:30] "GET /public/IRT/dashboard.html HTTP/1.1" 200 -
::1 - - [06/Dec/2025 23:19:31] "GET /public/IRT/dashboard.html HTTP/1.1" 304 -
::1 - - [06/Dec/2025 23:19:40] "GET /public/IRT/manajemenInsiden.html HTTP/1.1" 304 -
::1 - - [06/Dec/2025 23:19:40] "GET /.dist/output.css HTTP/1.1" 304 -
::1 - - [06/Dec/2025 23:19:42] "GET /public/IRT/incoming.html HTTP/1.1" 200 -
::1 - - [06/Dec/2025 23:19:42] code 404, message File not found
::1 - - [06/Dec/2025 23:19:42] "GET /public/src/main.js HTTP/1.1" 404 -
::1 - - [06/Dec/2025 23:19:42] "GET /src/main.css HTTP/1.1" 304 -
::1 - - [06/Dec/2025 23:19:45] "GET /public/IRT/dashboard.html HTTP/1.1" 304 -
::1 - - [06/Dec/2025 23:19:48] "GET /public/IRT/manajemenInsiden.html HTTP/1.1" 304 -
::1 - - [06/Dec/2025 23:19:49] "GET /public/IRT/incoming.html HTTP/1.1" 304 -
::1 - - [06/Dec/2025 23:19:49] code 404, message File not found
::1 - - [06/Dec/2025 23:19:49] "GET /public/src/main.js HTTP/1.1" 404 -
::1 - - [06/Dec/2025 23:19:51] code 404, message File not found
::1 - - [06/Dec/2025 23:19:51] "GET /public/src/main.js HTTP/1.1" 404 -
::1 - - [06/Dec/2025 23:20:31] "GET /public/IRT/incoming.html HTTP/1.1" 200 -
::1 - - [06/Dec/2025 23:20:31] code 404, message File not found
::1 - - [06/Dec/2025 23:20:31] "GET /public/src/main.js HTTP/1.1" 404 -
::1 - - [06/Dec/2025 23:20:31] "GET /.dist/output.css HTTP/1.1" 304 -
::1 - - [06/Dec/2025 23:20:33] "GET /public/IRT/incoming.html HTTP/1.1" 304 -
::1 - - [06/Dec/2025 23:20:33] code 404, message File not found
::1 - - [06/Dec/2025 23:20:33] "GET /public/src/main.js HTTP/1.1" 404 -
::1 - - [06/Dec/2025 23:20:35] "GET /public/IRT/investigasi.html HTTP/1.1" 200 -
::1 - - [06/Dec/2025 23:20:36] "GET /public/IRT/finalReport.html HTTP/1.1" 200 -
::1 - - [06/Dec/2025 23:21:49] "GET /.dist/output.css HTTP/1.1" 304 -
::1 - - [06/Dec/2025 23:21:49] code 404, message File not found
::1 - - [06/Dec/2025 23:21:49] "GET /public/logo.png HTTP/1.1" 404 -
::1 - - [06/Dec/2025 23:22:59] "GET /public/login.html HTTP/1.1" 200 -
::1 - - [06/Dec/2025 23:22:59] "GET /.dist/output.css HTTP/1.1" 304 -
::1 - - [06/Dec/2025 23:23:06] "GET /public/register.html HTTP/1.1" 200 -
::1 - - [06/Dec/2025 23:23:52] "GET /public/login.html HTTP/1.1" 304 -
::1 - - [06/Dec/2025 23:23:52] "GET /src/main.css HTTP/1.1" 304 -
::1 - - [06/Dec/2025 23:24:01] code 404, message File not found
::1 - - [06/Dec/2025 23:24:01] "GET /public/dashboard.html HTTP/1.1" 404 -
::1 - - [06/Dec/2025 23:24:10] "GET /public/IRT/dashboard.html HTTP/1.1" 304 -
::1 - - [06/Dec/2025 23:24:10] "GET /.dist/output.css HTTP/1.1" 304 -
::1 - - [06/Dec/2025 23:24:14] "GET /public/IRT/manajemenInsiden.html HTTP/1.1" 304 -
::1 - - [06/Dec/2025 23:24:14] "GET /public/IRT/incoming.html HTTP/1.1" 304 -
::1 - - [06/Dec/2025 23:24:14] code 404, message File not found
::1 - - [06/Dec/2025 23:24:14] "GET /public/src/main.js HTTP/1.1" 404 -
::1 - - [06/Dec/2025 23:24:15] code 404, message File not found
::1 - - [06/Dec/2025 23:24:15] "GET /public/src/main.js HTTP/1.1" 404 -
::1 - - [06/Dec/2025 23:24:16] "GET /public/IRT/investigasi.html HTTP/1.1" 200 -
::1 - - [06/Dec/2025 23:24:17] "GET /public/IRT/finalReport.html HTTP/1.1" 200 -
::1 - - [06/Dec/2025 23:28:15] "GET /public/IRT/investigasi.html HTTP/1.1" 304 -
::1 - - [06/Dec/2025 23:28:15] "GET /.dist/output.css HTTP/1.1" 304 -
::1 - - [06/Dec/2025 23:28:16] "GET /public/IRT/finalReport.html HTTP/1.1" 304 -
::1 - - [06/Dec/2025 23:30:28] "GET /public/login.html HTTP/1.1" 200 -
::1 - - [06/Dec/2025 23:30:28] "GET /public/IRT/dashboard.html?v=1765038628 HTTP/1.1" 200 -
::1 - - [06/Dec/2025 23:30:28] "GET /.dist/output.css HTTP/1.1" 200 -
::1 - - [06/Dec/2025 23:30:28] "GET /src/main.css HTTP/1.1" 304 -
::1 - - [06/Dec/2025 23:30:30] "GET /.dist/output.css HTTP/1.1" 304 -
::1 - - [06/Dec/2025 23:30:33] "GET /public/IRT/manajemenInsiden.html HTTP/1.1" 304 -
::1 - - [06/Dec/2025 23:30:33] "GET /.dist/output.css HTTP/1.1" 304 -
::1 - - [06/Dec/2025 23:30:34] "GET /public/IRT/incoming.html HTTP/1.1" 304 -
::1 - - [06/Dec/2025 23:30:34] "GET /.dist/output.css HTTP/1.1" 304 -
::1 - - [06/Dec/2025 23:30:34] code 404, message File not found
::1 - - [06/Dec/2025 23:30:34] "GET /public/src/main.js HTTP/1.1" 404 -
::1 - - [06/Dec/2025 23:30:35] code 404, message File not found
::1 - - [06/Dec/2025 23:30:35] "GET /public/src/main.js HTTP/1.1" 404 -
::1 - - [06/Dec/2025 23:30:35] "GET /.dist/output.css HTTP/1.1" 304 -
::1 - - [06/Dec/2025 23:30:36] "GET /public/IRT/dashboard.html HTTP/1.1" 304 -
::1 - - [06/Dec/2025 23:30:36] "GET /.dist/output.css HTTP/1.1" 304 -
::1 - - [06/Dec/2025 23:30:39] code 404, message File not found
::1 - - [06/Dec/2025 23:30:39] "GET /.dist/output.css HTTP/1.1" 304 -
::1 - - [06/Dec/2025 23:30:39] "GET /public/src/main.js HTTP/1.1" 404 -
::1 - - [06/Dec/2025 23:30:40] "GET /public/IRT/investigasi.html HTTP/1.1" 304 -
::1 - - [06/Dec/2025 23:30:41] "GET /.dist/output.css HTTP/1.1" 304 -
::1 - - [06/Dec/2025 23:30:42] "GET /public/IRT/finalReport.html HTTP/1.1" 304 -
::1 - - [06/Dec/2025 23:30:47] "GET /.dist/output.css HTTP/1.1" 304 -
::1 - - [06/Dec/2025 23:31:09] "GET /public/login.html HTTP/1.1" 304 -
::1 - - [06/Dec/2025 23:31:09] "GET /.dist/output.css HTTP/1.1" 304 -
::1 - - [06/Dec/2025 23:31:16] "GET /.dist/output.css HTTP/1.1" 304 -
::1 - - [06/Dec/2025 23:31:16] "GET /public/IRT/dashboard.html?v=1765038676 HTTP/1.1" 200 -
::1 - - [06/Dec/2025 23:31:31] "GET /.dist/output.css HTTP/1.1" 304 -
::1 - - [06/Dec/2025 23:31:32] "GET /public/login.html HTTP/1.1" 304 -
::1 - - [06/Dec/2025 23:31:35] "GET /public/login.html HTTP/1.1" 200 -
::1 - - [06/Dec/2025 23:31:48] "GET /.dist/output.css HTTP/1.1" 304 -
::1 - - [06/Dec/2025 23:31:48] code 404, message File not found
::1 - - [06/Dec/2025 23:31:48] "GET /.well-known/appspecific/com.chrome.devtools.json HTTP/1.1" 404 -
::1 - - [06/Dec/2025 23:31:56] "GET /.dist/output.css HTTP/1.1" 304 -
::1 - - [06/Dec/2025 23:32:06] "GET /public/register.html HTTP/1.1" 200 -
::1 - - [06/Dec/2025 23:32:06] "GET /.dist/output.css HTTP/1.1" 304 -
::1 - - [06/Dec/2025 23:32:16] "GET /public/login.html HTTP/1.1" 200 -
::1 - - [06/Dec/2025 23:32:16] "GET /.dist/output.css HTTP/1.1" 304 -
::1 - - [06/Dec/2025 23:33:03] "GET /public/login.html HTTP/1.1" 304 -
::1 - - [06/Dec/2025 23:33:03] "GET /.dist/output.css HTTP/1.1" 304 -
::1 - - [06/Dec/2025 23:33:12] "GET /public/IRT/dashboard.html HTTP/1.1" 304 -
::1 - - [06/Dec/2025 23:33:17] "GET /public/IRT/manajemenInsiden.html HTTP/1.1" 304 -
::1 - - [06/Dec/2025 23:33:18] "GET /public/IRT/incoming.html HTTP/1.1" 304 -
::1 - - [06/Dec/2025 23:33:18] "GET /.dist/output.css HTTP/1.1" 304 -
::1 - - [06/Dec/2025 23:33:18] code 404, message File not found
::1 - - [06/Dec/2025 23:33:18] "GET /public/src/main.js HTTP/1.1" 404 -
::1 - - [06/Dec/2025 23:33:19] "GET /public/IRT/investigasi.html HTTP/1.1" 304 -
::1 - - [06/Dec/2025 23:33:43] "GET /public/login.html HTTP/1.1" 304 -
::1 - - [06/Dec/2025 23:33:43] "GET /.dist/output.css HTTP/1.1" 304 -
::1 - - [06/Dec/2025 23:33:48] code 404, message File not found
::1 - - [06/Dec/2025 23:33:48] "GET /public/src/main.js HTTP/1.1" 404 -
::1 - - [06/Dec/2025 23:33:49] "GET /public/IRT/finalReport.html HTTP/1.1" 304 -
::1 - - [06/Dec/2025 23:33:51] code 404, message File not found
::1 - - [06/Dec/2025 23:33:51] "GET /public/src/main.js HTTP/1.1" 404 -
::1 - - [06/Dec/2025 23:33:54] code 404, message File not found
::1 - - [06/Dec/2025 23:33:54] "GET /public/src/main.js HTTP/1.1" 404 -
::1 - - [06/Dec/2025 23:33:56] code 404, message File not found
::1 - - [06/Dec/2025 23:33:56] "GET /public/src/main.js HTTP/1.1" 404 -
::1 - - [06/Dec/2025 23:34:04] "GET /.dist/output.css HTTP/1.1" 304 -
::1 - - [06/Dec/2025 23:34:04] code 404, message File not found
::1 - - [06/Dec/2025 23:34:04] "GET /public/src/main.js HTTP/1.1" 404 -
::1 - - [06/Dec/2025 23:35:28] "GET /public/IRT/manajemenInsiden.html HTTP/1.1" 304 -
::1 - - [06/Dec/2025 23:35:28] "GET /.dist/output.css HTTP/1.1" 304 -
::1 - - [06/Dec/2025 23:35:29] "GET /public/IRT/manajemenInsiden.html HTTP/1.1" 304 -
::1 - - [06/Dec/2025 23:35:31] "GET /public/IRT/dashboard.html HTTP/1.1" 304 -
::1 - - [06/Dec/2025 23:35:39] "GET /src/main.css HTTP/1.1" 304 -
::1 - - [06/Dec/2025 23:37:21] "GET /public/IRT/setting.html?v=1765039041 HTTP/1.1" 200 -
::1 - - [06/Dec/2025 23:37:21] code 404, message File not found
::1 - - [06/Dec/2025 23:37:21] "GET /public/.dist/output.css HTTP/1.1" 404 -
::1 - - [06/Dec/2025 23:37:21] code 404, message File not found
::1 - - [06/Dec/2025 23:37:21] "GET /public/src/main.css HTTP/1.1" 404 -
::1 - - [06/Dec/2025 23:37:22] code 404, message File not found
::1 - - [06/Dec/2025 23:37:22] "GET /public/src/main.js HTTP/1.1" 404 -
::1 - - [06/Dec/2025 23:37:22] "GET /public/IRT/dashboard.html?v=1765039041 HTTP/1.1" 200 -
::1 - - [06/Dec/2025 23:37:22] "GET /public/IRT/manajemenInsiden.html?v=1765039042 HTTP/1.1" 200 -
::1 - - [06/Dec/2025 23:37:22] "GET /public/IRT/incoming.html?v=1765039042 HTTP/1.1" 200 -
::1 - - [06/Dec/2025 23:37:22] "GET /public/IRT/investigasi.html?v=1765039042 HTTP/1.1" 200 -
::1 - - [06/Dec/2025 23:37:22] "GET /public/IRT/finalReport.html?v=1765039042 HTTP/1.1" 200 -
::1 - - [06/Dec/2025 23:37:23] "GET /.dist/output.css HTTP/1.1" 304 -
::1 - - [06/Dec/2025 23:37:23] code 404, message File not found
::1 - - [06/Dec/2025 23:37:23] "GET /public/src/main.js HTTP/1.1" 404 -
::1 - - [06/Dec/2025 23:40:10] "GET /public/IRT/setting.html?v=1765039209 HTTP/1.1" 200 -
::1 - - [06/Dec/2025 23:40:10] "GET /.dist/output.css HTTP/1.1" 304 -
::1 - - [06/Dec/2025 23:40:21] "GET /public/IRT/manajemenInsiden.html HTTP/1.1" 304 -
::1 - - [06/Dec/2025 23:40:23] "GET /public/IRT/dashboard.html HTTP/1.1" 304 -
::1 - - [06/Dec/2025 23:40:24] "GET /public/IRT/investigasi.html HTTP/1.1" 304 -
::1 - - [06/Dec/2025 23:40:25] "GET /public/IRT/finalReport.html HTTP/1.1" 304 -
::1 - - [06/Dec/2025 23:40:28] "GET /public/IRT/setting.html HTTP/1.1" 200 -
::1 - - [06/Dec/2025 23:41:36] "GET /.dist/output.css HTTP/1.1" 304 -
::1 - - [06/Dec/2025 23:41:36] "GET /src/main.css HTTP/1.1" 304 -
::1 - - [06/Dec/2025 23:41:37] "GET /public/IRT/incoming.html HTTP/1.1" 304 -
::1 - - [06/Dec/2025 23:41:37] code 404, message File not found
::1 - - [06/Dec/2025 23:41:37] "GET /public/src/main.js HTTP/1.1" 404 -
::1 - - [06/Dec/2025 23:43:55] "GET /public/IRT/dashboard.html HTTP/1.1" 200 -
::1 - - [06/Dec/2025 23:43:55] "GET /.dist/output.css HTTP/1.1" 200 -
::1 - - [06/Dec/2025 23:43:57] "GET /public/IRT/finalReport.html HTTP/1.1" 304 -
::1 - - [06/Dec/2025 23:43:58] "GET /public/IRT/investigasi.html HTTP/1.1" 304 -
::1 - - [06/Dec/2025 23:44:35] "GET /public/IRT/dashboard.html HTTP/1.1" 304 -
::1 - - [06/Dec/2025 23:44:35] "GET /.dist/output.css HTTP/1.1" 304 -
::1 - - [06/Dec/2025 23:46:19] "GET /public/IRT/dashboard.html HTTP/1.1" 200 -
::1 - - [06/Dec/2025 23:46:19] "GET /.dist/output.css HTTP/1.1" 304 -
::1 - - [06/Dec/2025 23:46:20] "GET /public/IRT/dashboard.html HTTP/1.1" 304 -
::1 - - [06/Dec/2025 23:46:22] "GET /public/IRT/manajemenInsiden.html HTTP/1.1" 200 -
::1 - - [06/Dec/2025 23:46:23] "GET /public/IRT/dashboard.html HTTP/1.1" 304 -
::1 - - [06/Dec/2025 23:51:34] "GET /public/IRT/finalReport.html HTTP/1.1" 200 -
::1 - - [06/Dec/2025 23:51:34] "GET /.dist/output.css HTTP/1.1" 200 -
::1 - - [06/Dec/2025 23:51:34] "GET /src/main.css HTTP/1.1" 304 -
::1 - - [06/Dec/2025 23:51:38] "GET /public/IRT/dashboard.html HTTP/1.1" 304 -
::1 - - [06/Dec/2025 23:51:38] "GET /.dist/output.css HTTP/1.1" 304 -
::1 - - [06/Dec/2025 23:51:40] "GET /public/IRT/manajemenInsiden.html HTTP/1.1" 304 -
::1 - - [06/Dec/2025 23:51:40] "GET /.dist/output.css HTTP/1.1" 304 -
::1 - - [06/Dec/2025 23:51:42] "GET /public/IRT/manajemenInsiden.html HTTP/1.1" 304 -
::1 - - [06/Dec/2025 23:51:42] "GET /.dist/output.css HTTP/1.1" 304 -
::1 - - [06/Dec/2025 23:51:42] "GET /public/IRT/manajemenInsiden.html HTTP/1.1" 304 -
::1 - - [06/Dec/2025 23:51:43] "GET /public/IRT/incoming.html HTTP/1.1" 200 -
::1 - - [06/Dec/2025 23:51:43] code 404, message File not found
::1 - - [06/Dec/2025 23:51:43] "GET /public/src/main.js HTTP/1.1" 404 -
::1 - - [06/Dec/2025 23:51:45] "GET /public/IRT/investigasi.html HTTP/1.1" 200 -
::1 - - [06/Dec/2025 23:51:45] "GET /.dist/output.css HTTP/1.1" 304 -
::1 - - [06/Dec/2025 23:51:48] "GET /.dist/output.css HTTP/1.1" 304 -
::1 - - [06/Dec/2025 23:51:51] "GET /.dist/output.css HTTP/1.1" 304 -
::1 - - [06/Dec/2025 23:51:51] code 404, message File not found
::1 - - [06/Dec/2025 23:51:51] "GET /public/src/main.js HTTP/1.1" 404 -
::1 - - [06/Dec/2025 23:51:56] "GET /.dist/output.css HTTP/1.1" 304 -
::1 - - [06/Dec/2025 23:51:58] "GET /public/IRT/manajemenInsiden.html HTTP/1.1" 304 -
::1 - - [06/Dec/2025 23:52:15] "GET /public/IRT/manajemenInsiden.html HTTP/1.1" 200 -
::1 - - [06/Dec/2025 23:52:15] "GET /.dist/output.css HTTP/1.1" 304 -
::1 - - [06/Dec/2025 23:52:23] "GET /public/IRT/incoming.html HTTP/1.1" 304 -
::1 - - [06/Dec/2025 23:52:23] code 404, message File not found
::1 - - [06/Dec/2025 23:52:23] "GET /public/src/main.js HTTP/1.1" 404 -
::1 - - [06/Dec/2025 23:52:23] "GET /.dist/output.css HTTP/1.1" 304 -
::1 - - [06/Dec/2025 23:52:24] "GET /public/IRT/investigasi.html HTTP/1.1" 304 -
::1 - - [06/Dec/2025 23:52:30] code 404, message File not found
::1 - - [06/Dec/2025 23:52:30] "GET /.dist/output.css HTTP/1.1" 304 -
::1 - - [06/Dec/2025 23:52:30] "GET /public/src/main.js HTTP/1.1" 404 -
::1 - - [06/Dec/2025 23:53:55] "GET /public/IRT/dashboard.html HTTP/1.1" 304 -
::1 - - [06/Dec/2025 23:53:55] "GET /.dist/output.css HTTP/1.1" 304 -
::1 - - [06/Dec/2025 23:53:57] "GET /public/IRT/manajemenInsiden.html HTTP/1.1" 304 -
::1 - - [06/Dec/2025 23:54:36] "GET /public/IRT/manajemenInsiden.html HTTP/1.1" 304 -
::1 - - [06/Dec/2025 23:54:36] "GET /.dist/output.css HTTP/1.1" 304 -
::1 - - [06/Dec/2025 23:56:31] "GET /public/IRT/manajemenInsiden.html HTTP/1.1" 304 -
::1 - - [06/Dec/2025 23:56:31] "GET /.dist/output.css HTTP/1.1" 304 -
::1 - - [06/Dec/2025 23:56:32] "GET /public/IRT/investigasi.html HTTP/1.1" 200 -
::1 - - [06/Dec/2025 23:56:33] "GET /public/IRT/investigasi.html HTTP/1.1" 304 -
::1 - - [06/Dec/2025 23:56:34] "GET /public/IRT/investigasi.html HTTP/1.1" 304 -
::1 - - [06/Dec/2025 23:56:34] "GET /public/IRT/incoming.html HTTP/1.1" 304 -
::1 - - [06/Dec/2025 23:56:34] code 404, message File not found
::1 - - [06/Dec/2025 23:56:34] "GET /public/src/main.js HTTP/1.1" 404 -
::1 - - [06/Dec/2025 23:56:36] "GET /public/IRT/dashboard.html HTTP/1.1" 304 -
::1 - - [06/Dec/2025 23:56:39] code 404, message File not found
::1 - - [06/Dec/2025 23:56:39] "GET /public/src/main.js HTTP/1.1" 404 -
::1 - - [06/Dec/2025 23:56:40] "GET /public/IRT/investigasi.html HTTP/1.1" 304 -
::1 - - [06/Dec/2025 23:56:41] "GET /public/IRT/finalReport.html HTTP/1.1" 304 -
::1 - - [06/Dec/2025 23:56:42] "GET /public/IRT/investigasi.html HTTP/1.1" 304 -
::1 - - [06/Dec/2025 23:56:47] "GET /public/IRT/investigasi.html HTTP/1.1" 304 -
::1 - - [07/Dec/2025 00:01:15] "GET /public/IRT/investigasi.html HTTP/1.1" 304 -
::1 - - [07/Dec/2025 00:01:15] "GET /.dist/output.css HTTP/1.1" 304 -
::1 - - [07/Dec/2025 00:01:15] "GET /src/main.css HTTP/1.1" 304 -
::1 - - [07/Dec/2025 00:01:17] "GET /public/IRT/incoming.html HTTP/1.1" 304 -
::1 - - [07/Dec/2025 00:01:17] code 404, message File not found
::1 - - [07/Dec/2025 00:01:17] "GET /public/src/main.js HTTP/1.1" 404 -
::1 - - [07/Dec/2025 00:01:22] "GET /public/IRT/dashboard.html HTTP/1.1" 304 -
::1 - - [07/Dec/2025 00:01:24] code 404, message File not found
::1 - - [07/Dec/2025 00:01:24] "GET /public/src/main.js HTTP/1.1" 404 -
::1 - - [07/Dec/2025 00:01:26] "GET /public/IRT/manajemenInsiden.html HTTP/1.1" 304 -
::1 - - [07/Dec/2025 00:01:27] code 404, message File not found
::1 - - [07/Dec/2025 00:01:27] "GET /public/src/main.js HTTP/1.1" 404 -
::1 - - [07/Dec/2025 00:01:31] code 404, message File not found
::1 - - [07/Dec/2025 00:01:31] "GET /public/src/main.js HTTP/1.1" 404 -
::1 - - [07/Dec/2025 00:01:35] code 404, message File not found
::1 - - [07/Dec/2025 00:01:35] "GET /public/src/main.js HTTP/1.1" 404 -
::1 - - [07/Dec/2025 00:02:51] "GET /.dist/output.css HTTP/1.1" 304 -
::1 - - [07/Dec/2025 00:02:57] "GET /public/IRT/manajemenInsiden.html HTTP/1.1" 304 -
::1 - - [07/Dec/2025 00:03:00] "GET /public/IRT/dashboard.html HTTP/1.1" 304 -
::1 - - [07/Dec/2025 00:03:03] "GET /.dist/output.css HTTP/1.1" 200 -
::1 - - [07/Dec/2025 00:03:03] code 404, message File not found
::1 - - [07/Dec/2025 00:03:03] "GET /.well-known/appspecific/com.chrome.devtools.json HTTP/1.1" 404 -
::1 - - [07/Dec/2025 00:04:37] "GET /public/IRT/dashboard.html?v=1765037541 HTTP/1.1" 200 -
::1 - - [07/Dec/2025 00:04:37] "GET /.dist/output.css HTTP/1.1" 200 -
::1 - - [07/Dec/2025 00:04:37] "GET /src/main.css HTTP/1.1" 304 -
::1 - - [07/Dec/2025 00:04:41] "GET /public/IRT/manajemenInsiden.html HTTP/1.1" 304 -
::1 - - [07/Dec/2025 00:04:42] "GET /public/IRT/incoming.html HTTP/1.1" 304 -
::1 - - [07/Dec/2025 00:04:42] code 404, message File not found
::1 - - [07/Dec/2025 00:04:42] "GET /public/src/main.js HTTP/1.1" 404 -
::1 - - [07/Dec/2025 00:04:43] "GET /public/IRT/investigasi.html HTTP/1.1" 304 -
::1 - - [07/Dec/2025 00:04:44] "GET /public/IRT/finalReport.html HTTP/1.1" 304 -
::1 - - [07/Dec/2025 00:12:15] "GET /public/IRT/dashboard.html?v=1765041134 HTTP/1.1" 200 -
::1 - - [07/Dec/2025 00:12:15] "GET /.dist/output.css HTTP/1.1" 200 -
::1 - - [07/Dec/2025 00:12:15] "GET /public/IRT/manajemenInsiden.html?v=1765041135 HTTP/1.1" 200 -
::1 - - [07/Dec/2025 00:12:15] "GET /.dist/output.css HTTP/1.1" 304 -
::1 - - [07/Dec/2025 00:12:17] "GET /public/IRT/incoming.html?v=1765041136 HTTP/1.1" 200 -
::1 - - [07/Dec/2025 00:12:17] "GET /.dist/output.css HTTP/1.1" 304 -
::1 - - [07/Dec/2025 00:12:18] "GET /public/IRT/investigasi.html?v=1765041137 HTTP/1.1" 200 -
::1 - - [07/Dec/2025 00:12:18] "GET /.dist/output.css HTTP/1.1" 304 -
::1 - - [07/Dec/2025 00:12:19] "GET /public/IRT/finalReport.html?v=1765041138 HTTP/1.1" 200 -
::1 - - [07/Dec/2025 00:12:19] "GET /.dist/output.css HTTP/1.1" 304 -
::1 - - [07/Dec/2025 00:12:19] "GET /public/IRT/setting.html?v=1765041139 HTTP/1.1" 200 -
::1 - - [07/Dec/2025 00:12:19] "GET /.dist/output.css HTTP/1.1" 304 -
::1 - - [07/Dec/2025 00:12:24] "GET /public/IRT/dashboard.html HTTP/1.1" 200 -
::1 - - [07/Dec/2025 00:12:24] "GET /.dist/output.css HTTP/1.1" 304 -
::1 - - [07/Dec/2025 00:12:25] "GET /public/IRT/manajemenInsiden.html HTTP/1.1" 200 -
::1 - - [07/Dec/2025 00:12:25] "GET /.dist/output.css HTTP/1.1" 304 -
::1 - - [07/Dec/2025 00:12:25] "GET /public/IRT/incoming.html HTTP/1.1" 200 -
::1 - - [07/Dec/2025 00:12:27] "GET /public/IRT/investigasi.html HTTP/1.1" 200 -
::1 - - [07/Dec/2025 00:12:27] "GET /.dist/output.css HTTP/1.1" 304 -
::1 - - [07/Dec/2025 00:12:28] "GET /public/IRT/finalReport.html HTTP/1.1" 200 -
::1 - - [07/Dec/2025 00:12:28] "GET /public/IRT/investigasi.html HTTP/1.1" 304 -
::1 - - [07/Dec/2025 00:12:28] "GET /.dist/output.css HTTP/1.1" 304 -
::1 - - [07/Dec/2025 00:12:29] "GET /public/IRT/manajemenInsiden.html HTTP/1.1" 304 -
::1 - - [07/Dec/2025 00:12:29] "GET /.dist/output.css HTTP/1.1" 304 -
::1 - - [07/Dec/2025 00:12:30] "GET /public/IRT/incoming.html HTTP/1.1" 304 -
::1 - - [07/Dec/2025 00:12:31] "GET /public/IRT/investigasi.html HTTP/1.1" 304 -
::1 - - [07/Dec/2025 00:12:31] "GET /.dist/output.css HTTP/1.1" 304 -
::1 - - [07/Dec/2025 00:12:39] "GET /public/IRT/incoming.html HTTP/1.1" 304 -
::1 - - [07/Dec/2025 00:12:39] "GET /.dist/output.css HTTP/1.1" 304 -
::1 - - [07/Dec/2025 00:12:39] "GET /public/IRT/manajemenInsiden.html HTTP/1.1" 304 -
::1 - - [07/Dec/2025 00:12:40] "GET /public/IRT/dashboard.html HTTP/1.1" 304 -
::1 - - [07/Dec/2025 00:12:44] "GET /public/IRT/manajemenInsiden.html HTTP/1.1" 304 -
::1 - - [07/Dec/2025 00:12:44] "GET /.dist/output.css HTTP/1.1" 304 -
::1 - - [07/Dec/2025 00:13:13] "GET /public/IRT/dashboard.html HTTP/1.1" 304 -
::1 - - [07/Dec/2025 00:13:13] "GET /.dist/output.css HTTP/1.1" 304 -
::1 - - [07/Dec/2025 00:13:13] "GET /src/main.css HTTP/1.1" 304 -
::1 - - [07/Dec/2025 00:13:17] "GET /public/IRT/investigasi.html HTTP/1.1" 304 -
::1 - - [07/Dec/2025 00:13:20] "GET /public/IRT/incoming.html HTTP/1.1" 304 -
::1 - - [07/Dec/2025 00:13:20] "GET /.dist/output.css HTTP/1.1" 304 -
::1 - - [07/Dec/2025 00:13:31] "GET /public/IRT/finalReport.html HTTP/1.1" 304 -
::1 - - [07/Dec/2025 00:13:31] "GET /.dist/output.css HTTP/1.1" 304 -
::1 - - [07/Dec/2025 00:14:55] "GET /public/IRT/finalReport.html HTTP/1.1" 200 -
::1 - - [07/Dec/2025 00:14:55] "GET /.dist/output.css HTTP/1.1" 304 -
::1 - - [07/Dec/2025 00:14:56] "GET /public/IRT/dashboard.html HTTP/1.1" 200 -
::1 - - [07/Dec/2025 00:14:57] "GET /public/IRT/manajemenInsiden.html HTTP/1.1" 200 -
::1 - - [07/Dec/2025 00:14:58] "GET /public/IRT/incoming.html HTTP/1.1" 200 -
::1 - - [07/Dec/2025 00:14:58] "GET /public/IRT/investigasi.html HTTP/1.1" 200 -
::1 - - [07/Dec/2025 00:14:59] "GET /public/IRT/finalReport.html HTTP/1.1" 304 -
::1 - - [07/Dec/2025 00:16:54] "GET /public/IRT/finalReport.html HTTP/1.1" 304 -
::1 - - [07/Dec/2025 00:16:55] "GET /.dist/output.css HTTP/1.1" 200 -
::1 - - [07/Dec/2025 00:16:59] "GET /public/IRT/dashboard.html HTTP/1.1" 304 -
::1 - - [07/Dec/2025 00:16:59] "GET /.dist/output.css HTTP/1.1" 304 -
::1 - - [07/Dec/2025 00:17:08] "GET /public/IRT/manajemenInsiden.html HTTP/1.1" 304 -
::1 - - [07/Dec/2025 00:17:08] "GET /.dist/output.css HTTP/1.1" 304 -
::1 - - [07/Dec/2025 00:17:10] "GET /public/IRT/incoming.html HTTP/1.1" 304 -
::1 - - [07/Dec/2025 00:17:10] "GET /.dist/output.css HTTP/1.1" 304 -
::1 - - [07/Dec/2025 00:17:11] "GET /.dist/output.css HTTP/1.1" 304 -
::1 - - [07/Dec/2025 00:17:13] "GET /.dist/output.css HTTP/1.1" 304 -
::1 - - [07/Dec/2025 00:17:16] "GET /.dist/output.css HTTP/1.1" 304 -
::1 - - [07/Dec/2025 00:17:16] "GET /public/IRT/investigasi.html HTTP/1.1" 304 -
::1 - - [07/Dec/2025 00:17:17] "GET /public/IRT/finalReport.html HTTP/1.1" 304 -
::1 - - [07/Dec/2025 00:17:18] "GET /.dist/output.css HTTP/1.1" 304 -
::1 - - [07/Dec/2025 00:17:25] "GET /.dist/output.css HTTP/1.1" 304 -
::1 - - [07/Dec/2025 00:17:31] "GET /public/IRT/investigasi.html HTTP/1.1" 304 -
::1 - - [07/Dec/2025 00:17:31] "GET /.dist/output.css HTTP/1.1" 304 -
::1 - - [07/Dec/2025 00:17:32] "GET /public/IRT/incoming.html HTTP/1.1" 304 -
::1 - - [07/Dec/2025 00:17:33] "GET /public/IRT/manajemenInsiden.html HTTP/1.1" 304 -
::1 - - [07/Dec/2025 00:17:35] "GET /public/IRT/dashboard.html HTTP/1.1" 304 -
::1 - - [07/Dec/2025 00:17:35] "GET /.dist/output.css HTTP/1.1" 304 -
::1 - - [07/Dec/2025 00:17:40] "GET /.dist/output.css HTTP/1.1" 304 -
::1 - - [07/Dec/2025 00:17:45] "GET /public/IRT/finalReport.html HTTP/1.1" 304 -
::1 - - [07/Dec/2025 00:17:45] "GET /.dist/output.css HTTP/1.1" 304 -
::1 - - [07/Dec/2025 00:20:09] "GET /public/IRT/investigasi.html HTTP/1.1" 304 -
::1 - - [07/Dec/2025 00:20:09] "GET /.dist/output.css HTTP/1.1" 304 -
::1 - - [07/Dec/2025 00:20:10] "GET /public/IRT/finalReport.html HTTP/1.1" 304 -
::1 - - [07/Dec/2025 00:20:16] "GET /public/IRT/manajemenInsiden.html HTTP/1.1" 304 -
::1 - - [07/Dec/2025 00:20:16] "GET /public/IRT/incoming.html HTTP/1.1" 304 -
::1 - - [07/Dec/2025 00:20:25] "GET /public/IRT/dashboard.html HTTP/1.1" 304 -
::1 - - [07/Dec/2025 00:21:40] "GET /public/IRT/investigasi.html HTTP/1.1" 304 -
::1 - - [07/Dec/2025 00:21:40] "GET /.dist/output.css HTTP/1.1" 304 -
::1 - - [07/Dec/2025 00:21:41] "GET /public/IRT/dashboard.html HTTP/1.1" 304 -
::1 - - [07/Dec/2025 00:21:41] "GET /public/IRT/manajemenInsiden.html HTTP/1.1" 304 -
::1 - - [07/Dec/2025 00:21:42] "GET /public/IRT/incoming.html HTTP/1.1" 304 -
::1 - - [07/Dec/2025 00:21:49] "GET /public/IRT/setting.html HTTP/1.1" 200 -
::1 - - [07/Dec/2025 00:41:07] "GET /public/IRT/manajemenInsiden.html HTTP/1.1" 304 -
::1 - - [07/Dec/2025 00:41:07] "GET /.dist/output.css HTTP/1.1" 304 -
::1 - - [07/Dec/2025 00:41:07] "GET /src/main.css HTTP/1.1" 200 -
::1 - - [07/Dec/2025 00:41:08] "GET /public/IRT/incoming.html HTTP/1.1" 304 -
::1 - - [07/Dec/2025 00:41:09] "GET /public/IRT/investigasi.html HTTP/1.1" 304 -
::1 - - [07/Dec/2025 00:41:15] "GET /public/IRT/finalReport.html HTTP/1.1" 304 -
::1 - - [07/Dec/2025 00:41:55] "GET /public/IRT/finalReport.html HTTP/1.1" 304 -
::1 - - [07/Dec/2025 00:41:58] "GET /public/IRT/dashboard.html HTTP/1.1" 304 -
::1 - - [07/Dec/2025 00:42:11] "GET /public/mahasiswa/mahasiswadashboard.html HTTP/1.1" 304 -
::1 - - [07/Dec/2025 00:43:30] "GET /public/IRT/finalReport.html?v=1765041138 HTTP/1.1" 200 -
::1 - - [07/Dec/2025 00:43:34] "GET /.dist/output.css HTTP/1.1" 304 -
::1 - - [07/Dec/2025 00:43:34] "GET /src/main.css HTTP/1.1" 304 -
::1 - - [07/Dec/2025 00:43:35] "GET /public/login.html HTTP/1.1" 200 -
::1 - - [07/Dec/2025 00:43:50] "GET /public/IRT/incoming.html HTTP/1.1" 200 -
::1 - - [07/Dec/2025 00:43:52] "GET /public/IRT/investigasi.html HTTP/1.1" 200 -
::1 - - [07/Dec/2025 00:43:56] "GET /public/IRT/investigasi.html HTTP/1.1" 304 -
::1 - - [07/Dec/2025 00:43:57] "GET /public/IRT/manajemenInsiden.html HTTP/1.1" 304 -
::1 - - [07/Dec/2025 00:44:00] "GET /public/IRT/incoming.html HTTP/1.1" 304 -
::1 - - [07/Dec/2025 00:44:01] "GET /public/IRT/investigasi.html HTTP/1.1" 304 -
::1 - - [07/Dec/2025 00:44:13] "GET /public/IRT/incoming.html HTTP/1.1" 304 -
::1 - - [07/Dec/2025 00:44:14] "GET /public/IRT/investigasi.html HTTP/1.1" 304 -
::1 - - [07/Dec/2025 00:44:26] "GET /public/IRT/finalReport.html HTTP/1.1" 304 -
::1 - - [07/Dec/2025 00:44:27] "GET /public/IRT/investigasi.html HTTP/1.1" 304 -
::1 - - [07/Dec/2025 00:44:29] "GET /public/IRT/incoming.html HTTP/1.1" 304 -
::1 - - [07/Dec/2025 00:44:36] code 404, message File not found
::1 - - [07/Dec/2025 00:44:36] "GET /.well-known/appspecific/com.chrome.devtools.json HTTP/1.1" 404 -
::1 - - [07/Dec/2025 00:45:15] "GET /public/IRT/dashboard.html HTTP/1.1" 200 -
::1 - - [07/Dec/2025 00:45:20] "GET /public/IRT/manajemenInsiden.html HTTP/1.1" 200 -
::1 - - [07/Dec/2025 00:45:21] "GET /public/IRT/incoming.html HTTP/1.1" 304 -
::1 - - [07/Dec/2025 00:45:21] "GET /public/IRT/investigasi.html HTTP/1.1" 304 -
::1 - - [07/Dec/2025 00:45:26] "GET /public/IRT/manajemenInsiden.html HTTP/1.1" 304 -
::1 - - [07/Dec/2025 00:45:26] "GET /public/IRT/dashboard.html HTTP/1.1" 304 -
::1 - - [07/Dec/2025 00:45:34] "GET /public/IRT/investigasi.html HTTP/1.1" 304 -
::1 - - [07/Dec/2025 00:45:40] "GET /public/IRT/dashboard.html HTTP/1.1" 304 -
::1 - - [07/Dec/2025 00:45:41] "GET /public/IRT/manajemenInsiden.html HTTP/1.1" 304 -
::1 - - [07/Dec/2025 00:45:48] "GET /public/IRT/incoming.html HTTP/1.1" 304 -
::1 - - [07/Dec/2025 00:45:49] "GET /public/IRT/investigasi.html HTTP/1.1" 304 -
::1 - - [07/Dec/2025 00:46:36] "GET /public/IRT/dashboard.html HTTP/1.1" 304 -
::1 - - [07/Dec/2025 00:46:36] "GET /.dist/output.css HTTP/1.1" 304 -
::1 - - [07/Dec/2025 00:46:36] "GET /src/main.css HTTP/1.1" 304 -
::1 - - [07/Dec/2025 00:46:57] "GET /public/IRT/manajemenInsiden.html HTTP/1.1" 304 -
::1 - - [07/Dec/2025 00:50:28] "GET /public/IRT/manajemenInsiden.html HTTP/1.1" 200 -
::1 - - [07/Dec/2025 00:50:28] "GET /.dist/output.css HTTP/1.1" 304 -
::1 - - [07/Dec/2025 00:50:28] "GET /src/main.css HTTP/1.1" 304 -
::1 - - [07/Dec/2025 00:50:29] "GET /public/IRT/manajemenInsiden.html HTTP/1.1" 304 -
::1 - - [07/Dec/2025 00:50:31] "GET /public/IRT/manajemenInsiden.html HTTP/1.1" 304 -
::1 - - [07/Dec/2025 00:50:34] "GET /public/IRT/manajemenInsiden.html HTTP/1.1" 304 -
::1 - - [07/Dec/2025 00:50:42] "GET /public/IRT/dashboard.html HTTP/1.1" 304 -
::1 - - [07/Dec/2025 00:50:43] "GET /public/IRT/manajemenInsiden.html HTTP/1.1" 304 -
::1 - - [07/Dec/2025 00:52:18] "GET /public/IRT/manajemenInsiden.html HTTP/1.1" 304 -
::1 - - [07/Dec/2025 00:52:20] "GET /public/IRT/manajemenInsiden.html HTTP/1.1" 304 -
::1 - - [07/Dec/2025 00:52:21] "GET /public/IRT/dashboard.html HTTP/1.1" 304 -
::1 - - [07/Dec/2025 00:52:28] "GET /public/IRT/incoming.html HTTP/1.1" 304 -
::1 - - [07/Dec/2025 00:53:45] "GET /public/IRT/manajemenInsiden.html HTTP/1.1" 200 -
::1 - - [07/Dec/2025 00:54:29] "GET /public/IRT/incoming.html HTTP/1.1" 304 -
::1 - - [07/Dec/2025 00:54:29] "GET /src/main.css HTTP/1.1" 304 -
::1 - - [07/Dec/2025 00:54:29] "GET /.dist/output.css HTTP/1.1" 304 -
::1 - - [07/Dec/2025 00:54:31] "GET /public/IRT/dashboard.html HTTP/1.1" 304 -
::1 - - [07/Dec/2025 00:54:34] "GET /public/IRT/manajemenInsiden.html HTTP/1.1" 304 -
::1 - - [07/Dec/2025 00:55:39] "GET /public/IRT/dashboard.html HTTP/1.1" 304 -
::1 - - [07/Dec/2025 00:55:42] "GET /public/IRT/incoming.html HTTP/1.1" 304 -
::1 - - [07/Dec/2025 00:55:45] "GET /public/IRT/manajemenInsiden.html HTTP/1.1" 304 -
::1 - - [07/Dec/2025 00:55:56] "GET /public/IRT/investigasi.html HTTP/1.1" 304 -
::1 - - [07/Dec/2025 07:04:42] code 404, message File not found
::1 - - [07/Dec/2025 07:04:42] "GET /favicon.ico HTTP/1.1" 404 -
::1 - - [07/Dec/2025 07:04:44] "GET /public/IRT/manajemenInsiden.html HTTP/1.1" 304 -
::1 - - [07/Dec/2025 07:04:44] "GET /.dist/output.css HTTP/1.1" 200 -
::1 - - [07/Dec/2025 07:04:44] "GET /src/main.css HTTP/1.1" 304 -
::1 - - [07/Dec/2025 07:04:44] "GET /src/main.js HTTP/1.1" 200 -
::1 - - [07/Dec/2025 07:04:52] "GET /public/IRT/incoming.html HTTP/1.1" 304 -
::1 - - [07/Dec/2025 07:04:53] "GET /public/IRT/investigasi.html HTTP/1.1" 200 -
::1 - - [07/Dec/2025 07:04:55] "GET /public/IRT/finalReport.html HTTP/1.1" 200 -
::1 - - [07/Dec/2025 07:05:04] "GET /public/IRT/setting.html HTTP/1.1" 200 -
::1 - - [07/Dec/2025 07:05:04] "GET /.dist/output.css HTTP/1.1" 304 -
::1 - - [07/Dec/2025 07:05:18] "GET /public/login.html HTTP/1.1" 304 -
::1 - - [07/Dec/2025 07:05:36] code 404, message File not found
::1 - - [07/Dec/2025 07:05:36] "GET /public/mahasiswaDashboard.html HTTP/1.1" 404 -
::1 - - [07/Dec/2025 07:05:47] "GET /public/mahasiswa/mahasiswadashboard.html HTTP/1.1" 304 -
::1 - - [07/Dec/2025 07:05:47] "GET /.dist/output.css HTTP/1.1" 304 -
::1 - - [07/Dec/2025 07:06:19] "GET /.dist/output.css HTTP/1.1" 304 -
::1 - - [07/Dec/2025 07:06:28] "GET /public/register.html HTTP/1.1" 200 -
::1 - - [07/Dec/2025 07:07:29] "GET /.dist/output.css HTTP/1.1" 304 -
::1 - - [07/Dec/2025 07:07:33] code 404, message File not found
::1 - - [07/Dec/2025 07:07:33] "GET /public/mahasiswaDashboard.html HTTP/1.1" 404 -
::1 - - [07/Dec/2025 07:08:15] code 404, message File not found
::1 - - [07/Dec/2025 07:08:15] "GET /.dist/output.css HTTP/1.1" 304 -
::1 - - [07/Dec/2025 07:08:15] "GET /.well-known/appspecific/com.chrome.devtools.json HTTP/1.1" 404 -
::1 - - [07/Dec/2025 07:08:44] "GET /public/index.html HTTP/1.1" 200 -
::1 - - [07/Dec/2025 07:08:44] code 404, message File not found
::1 - - [07/Dec/2025 07:08:44] "GET /.well-known/appspecific/com.chrome.devtools.json HTTP/1.1" 404 -
::1 - - [07/Dec/2025 07:08:44] "GET /.dist/output.css HTTP/1.1" 200 -
::1 - - [07/Dec/2025 07:08:44] "GET /src/main.css HTTP/1.1" 200 -
::1 - - [07/Dec/2025 07:08:44] code 404, message File not found
::1 - - [07/Dec/2025 07:08:44] "GET /public/logo.png HTTP/1.1" 404 -
::1 - - [07/Dec/2025 07:09:24] "GET /.dist/output.css HTTP/1.1" 304 -
::1 - - [07/Dec/2025 07:09:52] "GET /public/IRT/dashboard.html HTTP/1.1" 304 -
::1 - - [07/Dec/2025 07:10:05] "GET /.dist/output.css HTTP/1.1" 304 -
::1 - - [07/Dec/2025 07:10:58] "GET /.dist/output.css HTTP/1.1" 304 -
::1 - - [07/Dec/2025 07:12:30] "GET /public/IRT/manajemenInsiden.html HTTP/1.1" 304 -
::1 - - [07/Dec/2025 07:12:30] "GET /.dist/output.css HTTP/1.1" 304 -
::1 - - [07/Dec/2025 07:13:33] "GET /.dist/output.css HTTP/1.1" 304 -
::1 - - [07/Dec/2025 07:14:21] "GET /public/IRT/investigasi.html HTTP/1.1" 200 -
::1 - - [07/Dec/2025 07:14:37] "GET /public/IRT/investigasi.html HTTP/1.1" 304 -
::1 - - [07/Dec/2025 07:16:24] "GET /.dist/output.css HTTP/1.1" 304 -
::1 - - [07/Dec/2025 07:16:27] "GET /public/IRT/investigasi.html HTTP/1.1" 304 -
::1 - - [07/Dec/2025 07:17:23] "GET /public/IRT/investigasi.html HTTP/1.1" 304 -
::1 - - [07/Dec/2025 07:17:28] code 404, message File not found
::1 - - [07/Dec/2025 07:17:28] "GET /.well-known/appspecific/com.chrome.devtools.json HTTP/1.1" 404 -
::1 - - [07/Dec/2025 07:18:18] "GET /public/IRT/investigasi.html HTTP/1.1" 304 -
::1 - - [07/Dec/2025 07:18:18] "GET /.dist/output.css HTTP/1.1" 304 -
::1 - - [07/Dec/2025 07:21:13] "GET /.dist/output.css HTTP/1.1" 304 -
::1 - - [07/Dec/2025 07:21:17] "GET /public/IRT/incoming.html HTTP/1.1" 200 -
::1 - - [07/Dec/2025 07:21:21] "GET /public/IRT/investigasi.html HTTP/1.1" 304 -
::1 - - [07/Dec/2025 07:22:57] "GET /public/IRT/dashboard.html HTTP/1.1" 200 -
::1 - - [07/Dec/2025 07:24:15] "GET /public/IRT/manajemenInsiden.html HTTP/1.1" 200 -
::1 - - [07/Dec/2025 07:24:15] "GET /.dist/output.css HTTP/1.1" 200 -
::1 - - [07/Dec/2025 07:24:28] "GET /public/IRT/incoming.html HTTP/1.1" 304 -
::1 - - [07/Dec/2025 07:24:28] "GET /.dist/output.css HTTP/1.1" 304 -
::1 - - [07/Dec/2025 07:24:32] "GET /public/IRT/investigasi.html HTTP/1.1" 304 -
::1 - - [07/Dec/2025 07:24:38] "GET /.dist/output.css HTTP/1.1" 304 -
::1 - - [07/Dec/2025 07:24:49] "GET /public/IRT/dashboard.html HTTP/1.1" 304 -
::1 - - [07/Dec/2025 07:24:49] "GET /.dist/output.css HTTP/1.1" 304 -
::1 - - [07/Dec/2025 07:24:54] "GET /public/IRT/manajemenInsiden.html HTTP/1.1" 304 -
::1 - - [07/Dec/2025 07:25:12] "GET /.dist/output.css HTTP/1.1" 304 -
::1 - - [07/Dec/2025 07:25:20] "GET /public/IRT/incoming.html HTTP/1.1" 304 -
::1 - - [07/Dec/2025 07:27:26] "GET /public/IRT/incoming.html HTTP/1.1" 200 -
::1 - - [07/Dec/2025 07:27:26] "GET /.dist/output.css HTTP/1.1" 304 -
::1 - - [07/Dec/2025 07:27:27] "GET /public/IRT/incoming.html HTTP/1.1" 304 -
::1 - - [07/Dec/2025 07:27:50] "GET /public/IRT/investigasi.html HTTP/1.1" 304 -
::1 - - [07/Dec/2025 07:27:58] "GET /.dist/output.css HTTP/1.1" 304 -
::1 - - [07/Dec/2025 07:28:04] "GET /public/IRT/incoming.html HTTP/1.1" 200 -
::1 - - [07/Dec/2025 07:28:32] "GET /public/IRT/manajemenInsiden.html HTTP/1.1" 304 -
::1 - - [07/Dec/2025 07:28:32] "GET /.dist/output.css HTTP/1.1" 304 -
::1 - - [07/Dec/2025 07:28:37] "GET /public/IRT/incoming.html HTTP/1.1" 200 -
::1 - - [07/Dec/2025 07:28:55] "GET /public/IRT/incoming.html HTTP/1.1" 304 -
::1 - - [07/Dec/2025 07:29:37] "GET /public/IRT/incoming.html HTTP/1.1" 200 -
::1 - - [07/Dec/2025 07:29:37] "GET /.dist/output.css HTTP/1.1" 304 -
::1 - - [07/Dec/2025 07:29:39] "GET /public/IRT/incoming.html HTTP/1.1" 304 -
::1 - - [07/Dec/2025 07:29:39] "GET /public/IRT/incoming.html HTTP/1.1" 304 -
::1 - - [07/Dec/2025 07:29:40] "GET /public/IRT/incoming.html HTTP/1.1" 304 -
::1 - - [07/Dec/2025 07:42:50] "GET /public/IRT/dashboard.html HTTP/1.1" 200 -
::1 - - [07/Dec/2025 07:42:50] "GET /.dist/output.css HTTP/1.1" 304 -
::1 - - [07/Dec/2025 07:42:53] "GET /public/IRT/dashboard.html HTTP/1.1" 304 -
::1 - - [07/Dec/2025 07:42:54] "GET /public/IRT/dashboard.html HTTP/1.1" 304 -
::1 - - [07/Dec/2025 07:42:58] "GET /public/IRT/manajemenInsiden.html HTTP/1.1" 304 -
::1 - - [07/Dec/2025 07:43:22] "GET /public/IRT/incoming.html HTTP/1.1" 304 -
::1 - - [07/Dec/2025 07:43:25] "GET /public/IRT/dashboard.html HTTP/1.1" 304 -
::1 - - [07/Dec/2025 07:46:56] "GET /public/IRT/dashboard.html HTTP/1.1" 200 -
::1 - - [07/Dec/2025 07:46:56] "GET /.dist/output.css HTTP/1.1" 304 -
::1 - - [07/Dec/2025 07:52:46] "GET /public/IRT/dashboard.html HTTP/1.1" 200 -
::1 - - [07/Dec/2025 07:52:46] "GET /.dist/output.css HTTP/1.1" 304 -
::1 - - [07/Dec/2025 07:52:46] "GET /src/main.js HTTP/1.1" 304 -
::1 - - [07/Dec/2025 07:52:46] "GET /src/main.css HTTP/1.1" 304 -
::1 - - [07/Dec/2025 07:58:28] code 404, message File not found
::1 - - [07/Dec/2025 07:58:28] "GET /public/IRT/dashboard.html HTTP/1.1" 404 -
::1 - - [07/Dec/2025 07:58:31] code 404, message File not found
::1 - - [07/Dec/2025 07:58:31] "GET /public/IRT/dashboard.html HTTP/1.1" 404 -
::1 - - [07/Dec/2025 07:58:34] code 404, message File not found
::1 - - [07/Dec/2025 07:58:34] "GET /public/IRT/dashboard.html HTTP/1.1" 404 -
::1 - - [07/Dec/2025 07:59:44] "GET /public/IRT/dashboard_old.html HTTP/1.1" 200 -
::1 - - [07/Dec/2025 07:59:44] "GET /.dist/output.css HTTP/1.1" 304 -
::1 - - [07/Dec/2025 08:00:05] "GET /public/IRT/dashboard_broken.html HTTP/1.1" 200 -
::1 - - [07/Dec/2025 08:00:26] "GET /public/IRT/dashboard_fixed.html HTTP/1.1" 200 -
::1 - - [07/Dec/2025 08:00:29] "GET /public/IRT/manajemenInsiden.html HTTP/1.1" 304 -
::1 - - [07/Dec/2025 08:00:31] "GET /public/IRT/dashboard.html HTTP/1.1" 200 -
::1 - - [07/Dec/2025 08:00:58] "GET /public/IRT/dashboard.html HTTP/1.1" 304 -
::1 - - [07/Dec/2025 08:01:03] "GET /public/IRT/dashboard.html HTTP/1.1" 304 -
::1 - - [07/Dec/2025 08:01:15] "GET /public/IRT/dashboard.html HTTP/1.1" 304 -
::1 - - [07/Dec/2025 08:01:50] "GET /public/IRT/finalReport.html HTTP/1.1" 200 -
::1 - - [07/Dec/2025 08:01:54] "GET /public/IRT/investigasi.html HTTP/1.1" 304 -
::1 - - [07/Dec/2025 08:01:58] "GET /public/IRT/incoming.html HTTP/1.1" 304 -
::1 - - [07/Dec/2025 08:02:02] "GET /public/IRT/setting.html HTTP/1.1" 200 -
::1 - - [07/Dec/2025 08:02:21] "GET /public/IRT/dashboard.html HTTP/1.1" 304 -
::1 - - [07/Dec/2025 08:05:57] "GET /public/IRT/dashboard.html HTTP/1.1" 200 -
::1 - - [07/Dec/2025 08:05:57] "GET /.dist/output.css HTTP/1.1" 304 -
::1 - - [07/Dec/2025 08:05:59] "GET /public/IRT/manajemenInsiden.html HTTP/1.1" 304 -
::1 - - [07/Dec/2025 08:06:17] code 404, message File not found
::1 - - [07/Dec/2025 08:06:17] "GET /.well-known/appspecific/com.chrome.devtools.json HTTP/1.1" 404 -
::1 - - [07/Dec/2025 08:06:29] "GET /public/IRT/incoming.html HTTP/1.1" 200 -
::1 - - [07/Dec/2025 08:06:29] "GET /src/main.css HTTP/1.1" 200 -
::1 - - [07/Dec/2025 08:06:29] code 404, message File not found
::1 - - [07/Dec/2025 08:06:29] "GET /.well-known/appspecific/com.chrome.devtools.json HTTP/1.1" 404 -
::1 - - [07/Dec/2025 08:06:29] "GET /.dist/output.css HTTP/1.1" 200 -
::1 - - [07/Dec/2025 08:06:29] "GET /src/main.js HTTP/1.1" 200 -
::1 - - [07/Dec/2025 08:06:29] "GET /logo.png HTTP/1.1" 200 -
::1 - - [07/Dec/2025 08:07:07] "GET /public/IRT/dashboard.html HTTP/1.1" 200 -
::1 - - [07/Dec/2025 08:07:07] code 404, message File not found
::1 - - [07/Dec/2025 08:07:07] "GET /.well-known/appspecific/com.chrome.devtools.json HTTP/1.1" 404 -
::1 - - [07/Dec/2025 08:07:07] "GET /.dist/output.css HTTP/1.1" 200 -
::1 - - [07/Dec/2025 08:07:07] "GET /src/main.css HTTP/1.1" 200 -
::1 - - [07/Dec/2025 08:07:07] "GET /logo.png HTTP/1.1" 200 -
::1 - - [07/Dec/2025 08:07:07] "GET /src/main.js HTTP/1.1" 200 -
::1 - - [07/Dec/2025 08:14:09] "GET /public/IRT/dashboard.html HTTP/1.1" 200 -
::1 - - [07/Dec/2025 08:14:09] "GET /.dist/output.css HTTP/1.1" 200 -
::1 - - [07/Dec/2025 08:14:09] "GET /logo.png HTTP/1.1" 200 -
::1 - - [07/Dec/2025 08:14:09] "GET /src/main.css HTTP/1.1" 200 -
::1 - - [07/Dec/2025 08:14:09] "GET /src/main.js HTTP/1.1" 200 -
::1 - - [07/Dec/2025 08:14:09] code 404, message File not found
::1 - - [07/Dec/2025 08:14:09] "GET /.well-known/appspecific/com.chrome.devtools.json HTTP/1.1" 404 -
::1 - - [07/Dec/2025 08:14:21] "GET /public/IRT/manajemenInsiden.html HTTP/1.1" 304 -
::1 - - [07/Dec/2025 08:14:22] "GET /public/IRT/incoming.html HTTP/1.1" 304 -
::1 - - [07/Dec/2025 08:19:40] "GET /.dist/output.css HTTP/1.1" 304 -
::1 - - [07/Dec/2025 08:19:42] "GET /public/IRT/manajemenInsiden.html HTTP/1.1" 200 -
::1 - - [07/Dec/2025 08:19:48] "GET /public/IRT/manajemenInsiden.html HTTP/1.1" 304 -
::1 - - [07/Dec/2025 08:19:49] "GET /public/IRT/dashboard.html HTTP/1.1" 304 -
::1 - - [07/Dec/2025 08:19:56] "GET /public/IRT/manajemenInsiden.html HTTP/1.1" 304 -
::1 - - [07/Dec/2025 08:19:57] "GET /public/IRT/incoming.html HTTP/1.1" 304 -
::1 - - [07/Dec/2025 08:19:58] "GET /public/IRT/investigasi.html HTTP/1.1" 304 -
::1 - - [07/Dec/2025 08:20:03] "GET /public/IRT/finalReport.html HTTP/1.1" 200 -
::1 - - [07/Dec/2025 08:22:57] "GET /public/IRT/incoming.html HTTP/1.1" 200 -
::1 - - [07/Dec/2025 08:22:58] "GET /public/IRT/dashboard.html HTTP/1.1" 304 -
::1 - - [07/Dec/2025 08:23:08] "GET /public/IRT/manajemenInsiden.html HTTP/1.1" 304 -
::1 - - [07/Dec/2025 08:23:13] "GET /public/IRT/incoming.html HTTP/1.1" 304 -
::1 - - [07/Dec/2025 08:23:24] "GET /public/IRT/finalReport.html HTTP/1.1" 304 -
::1 - - [07/Dec/2025 08:24:08] "GET /public/IRT/finalReport.html HTTP/1.1" 304 -
::1 - - [07/Dec/2025 08:24:19] "GET /public/IRT/incoming.html HTTP/1.1" 304 -
::1 - - [07/Dec/2025 08:24:20] "GET /public/IRT/manajemenInsiden.html HTTP/1.1" 304 -
::1 - - [07/Dec/2025 08:25:40] "GET /public/login.html HTTP/1.1" 304 -
::1 - - [07/Dec/2025 08:25:40] "GET /.dist/output.css HTTP/1.1" 304 -
::1 - - [07/Dec/2025 08:26:09] code 404, message File not found
::1 - - [07/Dec/2025 08:26:09] "GET /public/mahasiswaDashboard.html HTTP/1.1" 404 -
::1 - - [07/Dec/2025 08:26:22] "GET /public/mahasiswa/mahasiswadashboard.html HTTP/1.1" 304 -
::1 - - [07/Dec/2025 08:26:44] "GET /public/index.html HTTP/1.1" 304 -
::1 - - [07/Dec/2025 08:26:44] code 404, message File not found
::1 - - [07/Dec/2025 08:26:44] "GET /public/logo.png HTTP/1.1" 404 -
::1 - - [07/Dec/2025 08:27:06] "GET /public/IRT/dashboard.html HTTP/1.1" 304 -
::1 - - [07/Dec/2025 08:27:10] "GET /public/IRT/manajemenInsiden.html HTTP/1.1" 200 -
::1 - - [07/Dec/2025 08:27:13] "GET /public/IRT/incoming.html HTTP/1.1" 304 -
::1 - - [07/Dec/2025 08:27:15] "GET /public/IRT/incoming.html HTTP/1.1" 304 -
::1 - - [07/Dec/2025 08:27:18] "GET /public/IRT/dashboard.html HTTP/1.1" 304 -
::1 - - [07/Dec/2025 08:27:19] "GET /public/IRT/manajemenInsiden.html HTTP/1.1" 304 -
::1 - - [07/Dec/2025 08:27:37] "GET /public/IRT/investigasi.html HTTP/1.1" 200 -
::1 - - [07/Dec/2025 08:27:45] "GET /public/IRT/finalReport.html HTTP/1.1" 200 -
::1 - - [07/Dec/2025 08:27:59] "GET /public/IRT/setting.html HTTP/1.1" 200 -
::1 - - [07/Dec/2025 09:53:21] code 404, message File not found
::1 - - [07/Dec/2025 09:53:21] "GET /favicon.ico HTTP/1.1" 404 -
::1 - - [07/Dec/2025 09:53:25] "GET /public/IRT/manajemenInsiden.html HTTP/1.1" 304 -
::1 - - [07/Dec/2025 09:53:25] "GET /src/main.css HTTP/1.1" 304 -
::1 - - [07/Dec/2025 09:53:25] "GET /src/main.js HTTP/1.1" 304 -
::1 - - [07/Dec/2025 09:53:25] "GET /.dist/output.css HTTP/1.1" 200 -
::1 - - [07/Dec/2025 09:53:29] "GET /public/IRT/dashboard.html HTTP/1.1" 304 -
::1 - - [07/Dec/2025 10:26:00] "GET /public/IRT/manajemenInsiden.html HTTP/1.1" 304 -
::1 - - [07/Dec/2025 10:26:00] "GET /.dist/output.css HTTP/1.1" 304 -
::1 - - [07/Dec/2025 10:26:35] "GET /public/IRT/incoming.html HTTP/1.1" 200 -
::1 - - [07/Dec/2025 10:27:04] "GET /public/IRT/finalReport.html HTTP/1.1" 304 -
::1 - - [07/Dec/2025 10:27:07] "GET /public/IRT/investigasi.html HTTP/1.1" 200 -
::1 - - [07/Dec/2025 10:28:05] code 404, message File not found
::1 - - [07/Dec/2025 10:28:05] "GET /.well-known/appspecific/com.chrome.devtools.json HTTP/1.1" 404 -
::1 - - [07/Dec/2025 10:31:18] "GET /public/IRT/finalReport.html HTTP/1.1" 200 -
::1 - - [07/Dec/2025 10:31:18] code 404, message File not found
::1 - - [07/Dec/2025 10:31:18] "GET /.well-known/appspecific/com.chrome.devtools.json HTTP/1.1" 404 -
::1 - - [07/Dec/2025 10:31:18] "GET /.dist/output.css HTTP/1.1" 200 -
::1 - - [07/Dec/2025 10:31:18] "GET /src/main.css HTTP/1.1" 200 -
::1 - - [07/Dec/2025 10:31:18] "GET /logo.png HTTP/1.1" 200 -
::1 - - [07/Dec/2025 10:31:18] "GET /src/main.js HTTP/1.1" 200 -
::1 - - [07/Dec/2025 10:34:41] "GET /public/mahasiswa/mahasiswadashboard.html HTTP/1.1" 304 -
::1 - - [07/Dec/2025 10:36:21] "GET /public/mahasiswa/mahasiswadashboard.html HTTP/1.1" 304 -
::1 - - [07/Dec/2025 10:36:21] "GET /.dist/output.css HTTP/1.1" 200 -
::1 - - [07/Dec/2025 10:36:29] "GET /public/login.html HTTP/1.1" 200 -
::1 - - [07/Dec/2025 10:36:29] "GET /.dist/output.css HTTP/1.1" 304 -
::1 - - [07/Dec/2025 10:36:34] "GET /public/IRT/dashboard.html HTTP/1.1" 200 -
::1 - - [07/Dec/2025 10:36:34] "GET /.dist/output.css HTTP/1.1" 304 -
::1 - - [07/Dec/2025 10:36:55] "GET /.dist/output.css HTTP/1.1" 304 -
::1 - - [07/Dec/2025 10:37:10] "GET /.dist/output.css HTTP/1.1" 304 -
::1 - - [07/Dec/2025 10:37:18] "GET /.dist/output.css HTTP/1.1" 304 -
::1 - - [07/Dec/2025 10:37:31] "GET /.dist/output.css HTTP/1.1" 304 -
::1 - - [07/Dec/2025 10:46:56] "GET /public/IRT/finalReport.html HTTP/1.1" 200 -
::1 - - [07/Dec/2025 10:46:56] "GET /.dist/output.css HTTP/1.1" 200 -
::1 - - [07/Dec/2025 10:47:02] "GET /public/IRT/logAktivitas.html HTTP/1.1" 200 -
::1 - - [07/Dec/2025 11:15:16] "GET /public/IRT/finalReport.html HTTP/1.1" 200 -
::1 - - [07/Dec/2025 11:15:16] "GET /.dist/output.css HTTP/1.1" 304 -
::1 - - [07/Dec/2025 11:16:19] "GET /public/IRT/investigasi.html HTTP/1.1" 200 -
::1 - - [07/Dec/2025 11:17:20] "GET /public/IRT/logAktivitas.html HTTP/1.1" 304 -
::1 - - [07/Dec/2025 11:19:21] "GET /public/IRT/incoming.html HTTP/1.1" 200 -
::1 - - [07/Dec/2025 11:19:21] "GET /.dist/output.css HTTP/1.1" 304 -
